Log file open, 05/03/21 17:09:40
LogInit: Display: Running engine for game: AlCielo
LogInit: Display: Project file not found: ../../../AlCielo/AlCielo.uproject
LogInit: Display: 	Attempting to find via project info helper.
LogUProjectInfo: Found projects:
LogPakFile: Display: Found Pak file ../../../AlCielo/Content/Paks/AlCielo-WindowsNoEditor.pak attempting to mount.
LogPakFile: Display: Mounting pak file ../../../AlCielo/Content/Paks/AlCielo-WindowsNoEditor.pak.
LogPlatformFile: Not using cached read wrapper
LogTaskGraph: Started task graph with 5 named threads and 47 total threads with 3 sets of task threads.
LogStats: Stats thread started at 0.200327
LogD3D11RHI: Loaded GFSDK_Aftermath_Lib.x64.dll
LogICUInternationalization: ICU TimeZone Detection - Raw Offset: -8:00, Platform Override: ''
LogPluginManager: Mounting plugin Paper2D
LogPluginManager: Mounting plugin AISupport
LogPluginManager: Mounting plugin LightPropagationVolume
LogPluginManager: Mounting plugin AnimationSharing
LogPluginManager: Mounting plugin SignificanceManager
LogPluginManager: Mounting plugin UObjectPlugin
LogPluginManager: Mounting plugin AssetManagerEditor
LogPluginManager: Mounting plugin FacialAnimation
LogPluginManager: Mounting plugin GeometryMode
LogPluginManager: Mounting plugin DatasmithContent
LogPluginManager: Mounting plugin VariantManagerContent
LogPluginManager: Mounting plugin AlembicImporter
LogPluginManager: Mounting plugin GeometryCache
LogPluginManager: Mounting plugin AutomationUtils
LogPluginManager: Mounting plugin ScreenshotTools
LogPluginManager: Mounting plugin BackChannel
LogPluginManager: Mounting plugin ChaosClothEditor
LogPluginManager: Mounting plugin ChaosCloth
LogPluginManager: Mounting plugin ChaosEditor
LogPluginManager: Mounting plugin PlanarCut
LogPluginManager: Mounting plugin GeometryProcessing
LogPluginManager: Mounting plugin EditableMesh
LogPluginManager: Mounting plugin GeometryCollectionPlugin
LogPluginManager: Mounting plugin ProceduralMeshComponent
LogPluginManager: Mounting plugin ChaosSolverPlugin
LogPluginManager: Mounting plugin ChaosNiagara
LogPluginManager: Mounting plugin Niagara
LogPluginManager: Mounting plugin CharacterAI
LogPluginManager: Mounting plugin PlatformCrypto
LogPluginManager: Mounting plugin MagicLeapPassableWorld
LogPluginManager: Mounting plugin MagicLeap
LogPluginManager: Mounting plugin MLSDK
LogPluginManager: Mounting plugin MagicLeapLightEstimation
LogPluginManager: Mounting plugin AvfMedia
LogPluginManager: Mounting plugin ImgMedia
LogPluginManager: Mounting plugin MediaCompositing
LogPluginManager: Mounting plugin WmfMedia
LogPluginManager: Mounting plugin MeshPainting
LogPluginManager: Mounting plugin TcpMessaging
LogPluginManager: Mounting plugin UdpMessaging
LogPluginManager: Mounting plugin ActorSequence
LogPluginManager: Mounting plugin LevelSequenceEditor
LogPluginManager: Mounting plugin MatineeToLevelSequence
LogPluginManager: Mounting plugin TemplateSequence
LogPluginManager: Mounting plugin MovieRenderPipeline
LogPluginManager: Mounting plugin EditorScriptingUtilities
LogPluginManager: Mounting plugin NetcodeUnitTest
LogPluginManager: Mounting plugin OnlineSubsystemNull
LogPluginManager: Mounting plugin OnlineSubsystem
LogPluginManager: Mounting plugin OnlineSubsystemUtils
LogPluginManager: Mounting plugin LauncherChunkInstaller
LogPluginManager: Mounting plugin AndroidPermission
LogPluginManager: Mounting plugin AppleImageUtils
LogPluginManager: Mounting plugin ArchVisCharacter
LogPluginManager: Mounting plugin AssetTags
LogPluginManager: Mounting plugin AudioCapture
LogPluginManager: Mounting plugin CableComponent
LogPluginManager: Mounting plugin CustomMeshComponent
LogPluginManager: Mounting plugin ExampleDeviceProfileSelector
LogPluginManager: Mounting plugin GooglePAD
LogPluginManager: Mounting plugin LocationServicesBPLibrary
LogPluginManager: Mounting plugin MobilePatchingUtils
LogPluginManager: Mounting plugin OculusVR
LogPluginManager: Mounting plugin PhysXVehicles
LogPluginManager: Mounting plugin RuntimePhysXCooking
LogPluginManager: Mounting plugin SoundFields
LogPluginManager: Mounting plugin SteamVR
LogPluginManager: Mounting plugin Synthesis
LogPluginManager: Mounting plugin WebMMoviePlayer
LogPluginManager: Mounting plugin WebMMedia
LogPluginManager: Mounting plugin WindowsMoviePlayer
LogInit: Using libcurl 7.55.1-DEV
LogInit:  - built for x86_64-pc-win32
LogInit:  - supports SSL with OpenSSL/1.1.1
LogInit:  - supports HTTP deflate (compression) using libz 1.2.8
LogInit:  - other features:
LogInit:      CURL_VERSION_SSL
LogInit:      CURL_VERSION_LIBZ
LogInit:      CURL_VERSION_IPV6
LogInit:      CURL_VERSION_ASYNCHDNS
LogInit:      CURL_VERSION_LARGEFILE
LogInit:      CURL_VERSION_IDN
LogInit:  CurlRequestOptions (configurable via config and command line):
LogInit:  - bVerifyPeer = true  - Libcurl will verify peer certificate
LogInit:  - bUseHttpProxy = false  - Libcurl will NOT use HTTP proxy
LogInit:  - bDontReuseConnections = false  - Libcurl will reuse connections
LogInit:  - MaxHostConnections = 16  - Libcurl will limit the number of connections to a host
LogInit:  - LocalHostAddr = Default
LogInit:  - BufferSize = 65536
LogOnline: OSS: Creating online subsystem instance for: NULL
LogInit: WinSock: version 1.1 (2.2), MaxSocks=32767, MaxUdp=65467
LogOnline: OSS: TryLoadSubsystemAndSetDefault: Loaded subsystem for module [NULL]
LogInit: Build: ++UE4+Release-4.25-CL-14469661
LogInit: Engine Version: 4.25.4-14469661+++UE4+Release-4.25
LogInit: Compatible Engine Version: 4.25.0-13144385+++UE4+Release-4.25
LogInit: Net CL: 13144385
LogInit: OS: Windows 10 (Release 2009) (), CPU: Intel(R) Core(TM) i9-9980HK CPU @ 2.40GHz, GPU: Intel(R) UHD Graphics 630
LogInit: Compiled (64-bit): Oct 11 2020 08:22:12
LogInit: Compiled with Visual C++: 19.16.27032.01
LogInit: Build Configuration: Development
LogInit: Branch Name: ++UE4+Release-4.25
LogInit: Command Line: 
LogInit: Base Directory: C:/Users/Oliver/Documents/GitHub/AlCieloBuilds/VR/5.3.21/WindowsNoEditor/Engine/Binaries/Win64/
LogInit: Allocator: binned2
LogInit: Installed Engine Build: 0
LogDevObjectVersion: Number of dev versions registered: 26
LogDevObjectVersion:   Dev-Blueprints (B0D832E4-1F89-4F0D-ACCF-7EB736FD4AA2): 10
LogDevObjectVersion:   Dev-Build (E1C64328-A22C-4D53-A36C-8E866417BD8C): 0
LogDevObjectVersion:   Dev-Core (375EC13C-06E4-48FB-B500-84F0262A717E): 4
LogDevObjectVersion:   Dev-Editor (E4B068ED-F494-42E9-A231-DA0B2E46BB41): 38
LogDevObjectVersion:   Dev-Framework (CFFC743F-43B0-4480-9391-14DF171D2073): 37
LogDevObjectVersion:   Dev-Mobile (B02B49B5-BB20-44E9-A304-32B752E40360): 2
LogDevObjectVersion:   Dev-Networking (A4E4105C-59A1-49B5-A7C5-40C4547EDFEE): 0
LogDevObjectVersion:   Dev-Online (39C831C9-5AE6-47DC-9A44-9C173E1C8E7C): 0
LogDevObjectVersion:   Dev-Physics (78F01B33-EBEA-4F98-B9B4-84EACCB95AA2): 4
LogDevObjectVersion:   Dev-Platform (6631380F-2D4D-43E0-8009-CF276956A95A): 0
LogDevObjectVersion:   Dev-Rendering (12F88B9F-8875-4AFC-A67C-D90C383ABD29): 43
LogDevObjectVersion:   Dev-Sequencer (7B5AE74C-D270-4C10-A958-57980B212A5A): 12
LogDevObjectVersion:   Dev-VR (D7296918-1DD6-4BDD-9DE2-64A83CC13884): 3
LogDevObjectVersion:   Dev-LoadTimes (C2A15278-BFE7-4AFE-6C17-90FF531DF755): 1
LogDevObjectVersion:   Private-Geometry (6EACA3D4-40EC-4CC1-B786-8BED09428FC5): 3
LogDevObjectVersion:   Dev-AnimPhys (29E575DD-E0A3-4627-9D10-D276232CDCEA): 17
LogDevObjectVersion:   Dev-Anim (AF43A65D-7FD3-4947-9873-3E8ED9C1BB05): 7
LogDevObjectVersion:   Dev-ReflectionCapture (6B266CEC-1EC7-4B8F-A30B-E4D90942FC07): 1
LogDevObjectVersion:   Dev-Automation (0DF73D61-A23F-47EA-B727-89E90C41499A): 1
LogDevObjectVersion:   FortniteMain (601D1886-AC64-4F84-AA16-D3DE0DEAC7D6): 31
LogDevObjectVersion:   Dev-Enterprise (9DFFBCD6-494F-0158-E221-12823C92A888): 10
LogDevObjectVersion:   Dev-Niagara (F2AED0AC-9AFE-416F-8664-AA7FFA26D6FC): 1
LogDevObjectVersion:   Dev-Destruction (174F1F0B-B4C6-45A5-B13F-2EE8D0FB917D): 10
LogDevObjectVersion:   Dev-Physics-Ext (35F94A83-E258-406C-A318-09F59610247C): 37
LogDevObjectVersion:   Dev-PhysicsMaterial-Chaos (B68FC16E-8B1B-42E2-B453-215C058844FE): 1
LogDevObjectVersion:   Dev-CineCamera (B2E18506-4273-CFC2-A54E-F4BB758BBA07): 1
LogInit: Presizing for max 2097152 objects, including 1 objects not considered by GC, pre-allocating 0 bytes for permanent pool.
LogConfig: Applying CVar settings from Section [/Script/Engine.StreamingSettings] File [../../../AlCielo/Saved/Config/WindowsNoEditor/Engine.ini]
LogConfig: Setting CVar [[s.MinBulkDataSizeForAsyncLoading:131072]]
LogConfig: Setting CVar [[s.AsyncLoadingThreadEnabled:0]]
LogConfig: Setting CVar [[s.EventDrivenLoaderEnabled:1]]
LogConfig: Setting CVar [[s.WarnIfTimeLimitExceeded:0]]
LogConfig: Setting CVar [[s.TimeLimitExceededMultiplier:1.5]]
LogConfig: Setting CVar [[s.TimeLimitExceededMinTime:0.005]]
LogConfig: Setting CVar [[s.UseBackgroundLevelStreaming:1]]
LogConfig: Setting CVar [[s.PriorityAsyncLoadingExtraTime:15.0]]
LogConfig: Setting CVar [[s.LevelStreamingActorsUpdateTimeLimit:5.0]]
LogConfig: Setting CVar [[s.PriorityLevelStreamingActorsUpdateExtraTime:5.0]]
LogConfig: Setting CVar [[s.LevelStreamingComponentsRegistrationGranularity:10]]
LogConfig: Setting CVar [[s.UnregisterComponentsTimeLimit:1.0]]
LogConfig: Setting CVar [[s.LevelStreamingComponentsUnregistrationGranularity:5]]
LogConfig: Setting CVar [[s.FlushStreamingOnExit:1]]
LogStreaming: Display: Async Loading initialized: Event Driven Loader: true, Async Loading Thread: false, Async Post Load: true
LogInit: Object subsystem initialized
LogConfig: Setting CVar [[con.DebugEarlyDefault:1]]
LogConfig: Setting CVar [[r.setres:1280x720]]
LogConfig: Setting CVar [[fx.NiagaraAllowRuntimeScalabilityChanges:1]]
[2021.05.04-00.09.41:199][  0]LogConfig: Setting CVar [[con.DebugEarlyDefault:1]]
[2021.05.04-00.09.41:199][  0]LogConfig: Setting CVar [[r.setres:1280x720]]
[2021.05.04-00.09.41:199][  0]LogConfig: Setting CVar [[fx.NiagaraAllowRuntimeScalabilityChanges:1]]
[2021.05.04-00.09.41:200][  0]LogConfig: Applying CVar settings from Section [/Script/Engine.RendererSettings] File [../../../AlCielo/Saved/Config/WindowsNoEditor/Engine.ini]
[2021.05.04-00.09.41:200][  0]LogConfig: Setting CVar [[r.GPUCrashDebugging:0]]
[2021.05.04-00.09.41:200][  0]LogConfig: Setting CVar [[r.DefaultFeature.AmbientOcclusion:0]]
[2021.05.04-00.09.41:200][  0]LogConfig: Setting CVar [[r.DefaultFeature.AmbientOcclusionStaticFraction:0]]
[2021.05.04-00.09.41:200][  0]LogConfig: Setting CVar [[vr.InstancedStereo:1]]
[2021.05.04-00.09.41:200][  0]LogConfig: Setting CVar [[r.SeparateTranslucency:0]]
[2021.05.04-00.09.41:200][  0]LogConfig: Setting CVar [[r.HZBOcclusion:0]]
[2021.05.04-00.09.41:200][  0]LogConfig: Setting CVar [[r.SSR.MaxRoughness:0]]
[2021.05.04-00.09.41:200][  0]LogConfig: Setting CVar [[r.RHICmdBypass:0]]
[2021.05.04-00.09.41:200][  0]LogConfig: Applying CVar settings from Section [/Script/Engine.RendererOverrideSettings] File [../../../AlCielo/Saved/Config/WindowsNoEditor/Engine.ini]
[2021.05.04-00.09.41:200][  0]LogConfig: Applying CVar settings from Section [/Script/Engine.StreamingSettings] File [../../../AlCielo/Saved/Config/WindowsNoEditor/Engine.ini]
[2021.05.04-00.09.41:200][  0]LogConfig: Setting CVar [[s.MinBulkDataSizeForAsyncLoading:131072]]
[2021.05.04-00.09.41:200][  0]LogConfig: Setting CVar [[s.AsyncLoadingThreadEnabled:0]]
[2021.05.04-00.09.41:200][  0]LogConfig: Setting CVar [[s.EventDrivenLoaderEnabled:1]]
[2021.05.04-00.09.41:200][  0]LogConfig: Setting CVar [[s.WarnIfTimeLimitExceeded:0]]
[2021.05.04-00.09.41:200][  0]LogConfig: Setting CVar [[s.TimeLimitExceededMultiplier:1.5]]
[2021.05.04-00.09.41:200][  0]LogConfig: Setting CVar [[s.TimeLimitExceededMinTime:0.005]]
[2021.05.04-00.09.41:200][  0]LogConfig: Setting CVar [[s.UseBackgroundLevelStreaming:1]]
[2021.05.04-00.09.41:200][  0]LogConfig: Setting CVar [[s.PriorityAsyncLoadingExtraTime:15.0]]
[2021.05.04-00.09.41:200][  0]LogConfig: Setting CVar [[s.LevelStreamingActorsUpdateTimeLimit:5.0]]
[2021.05.04-00.09.41:200][  0]LogConfig: Setting CVar [[s.PriorityLevelStreamingActorsUpdateExtraTime:5.0]]
[2021.05.04-00.09.41:200][  0]LogConfig: Setting CVar [[s.LevelStreamingComponentsRegistrationGranularity:10]]
[2021.05.04-00.09.41:200][  0]LogConfig: Setting CVar [[s.UnregisterComponentsTimeLimit:1.0]]
[2021.05.04-00.09.41:200][  0]LogConfig: Setting CVar [[s.LevelStreamingComponentsUnregistrationGranularity:5]]
[2021.05.04-00.09.41:200][  0]LogConfig: Setting CVar [[s.FlushStreamingOnExit:1]]
[2021.05.04-00.09.41:200][  0]LogConfig: Applying CVar settings from Section [/Script/Engine.GarbageCollectionSettings] File [../../../AlCielo/Saved/Config/WindowsNoEditor/Engine.ini]
[2021.05.04-00.09.41:200][  0]LogConfig: Setting CVar [[gc.MaxObjectsNotConsideredByGC:1]]
[2021.05.04-00.09.41:200][  0]LogConfig: Setting CVar [[gc.SizeOfPermanentObjectPool:0]]
[2021.05.04-00.09.41:200][  0]LogConfig: Setting CVar [[gc.FlushStreamingOnGC:0]]
[2021.05.04-00.09.41:200][  0]LogConfig: Setting CVar [[gc.NumRetriesBeforeForcingGC:10]]
[2021.05.04-00.09.41:200][  0]LogConfig: Setting CVar [[gc.AllowParallelGC:1]]
[2021.05.04-00.09.41:200][  0]LogConfig: Setting CVar [[gc.TimeBetweenPurgingPendingKillObjects:61.1]]
[2021.05.04-00.09.41:200][  0]LogConfig: Setting CVar [[gc.MaxObjectsInEditor:25165824]]
[2021.05.04-00.09.41:200][  0]LogConfig: Setting CVar [[gc.IncrementalBeginDestroyEnabled:1]]
[2021.05.04-00.09.41:200][  0]LogConfig: Setting CVar [[gc.CreateGCClusters:1]]
[2021.05.04-00.09.41:200][  0]LogConfig: Setting CVar [[gc.MinGCClusterSize:5]]
[2021.05.04-00.09.41:200][  0]LogConfig: Setting CVar [[gc.ActorClusteringEnabled:0]]
[2021.05.04-00.09.41:200][  0]LogConfig: Setting CVar [[gc.BlueprintClusteringEnabled:0]]
[2021.05.04-00.09.41:200][  0]LogConfig: Setting CVar [[gc.UseDisregardForGCOnDedicatedServers:0]]
[2021.05.04-00.09.41:200][  0]LogConfig: Applying CVar settings from Section [/Script/Engine.NetworkSettings] File [../../../AlCielo/Saved/Config/WindowsNoEditor/Engine.ini]
[2021.05.04-00.09.41:205][  0]LogConfig: Applying CVar settings from Section [ViewDistanceQuality@3] File [../../../AlCielo/Saved/Config/WindowsNoEditor/Scalability.ini]
[2021.05.04-00.09.41:205][  0]LogConfig: Setting CVar [[r.SkeletalMeshLODBias:0]]
[2021.05.04-00.09.41:205][  0]LogConfig: Setting CVar [[r.ViewDistanceScale:1.0]]
[2021.05.04-00.09.41:205][  0]LogConfig: Applying CVar settings from Section [AntiAliasingQuality@3] File [../../../AlCielo/Saved/Config/WindowsNoEditor/Scalability.ini]
[2021.05.04-00.09.41:205][  0]LogConfig: Setting CVar [[r.PostProcessAAQuality:3]]
[2021.05.04-00.09.41:205][  0]LogConfig: Applying CVar settings from Section [ShadowQuality@3] File [../../../AlCielo/Saved/Config/WindowsNoEditor/Scalability.ini]
[2021.05.04-00.09.41:205][  0]LogConfig: Setting CVar [[r.LightFunctionQuality:1]]
[2021.05.04-00.09.41:205][  0]LogConfig: Setting CVar [[r.ShadowQuality:5]]
[2021.05.04-00.09.41:205][  0]LogConfig: Setting CVar [[r.Shadow.CSM.MaxCascades:10]]
[2021.05.04-00.09.41:205][  0]LogConfig: Setting CVar [[r.Shadow.MaxResolution:2048]]
[2021.05.04-00.09.41:205][  0]LogConfig: Setting CVar [[r.Shadow.MaxCSMResolution:2048]]
[2021.05.04-00.09.41:205][  0]LogConfig: Setting CVar [[r.Shadow.RadiusThreshold:0.01]]
[2021.05.04-00.09.41:205][  0]LogConfig: Setting CVar [[r.Shadow.DistanceScale:1.0]]
[2021.05.04-00.09.41:205][  0]LogConfig: Setting CVar [[r.Shadow.CSM.TransitionScale:1.0]]
[2021.05.04-00.09.41:205][  0]LogConfig: Setting CVar [[r.Shadow.PreShadowResolutionFactor:1.0]]
[2021.05.04-00.09.41:205][  0]LogConfig: Setting CVar [[r.DistanceFieldShadowing:1]]
[2021.05.04-00.09.41:205][  0]LogConfig: Setting CVar [[r.DistanceFieldAO:1]]
[2021.05.04-00.09.41:205][  0]LogConfig: Setting CVar [[r.AOQuality:2]]
[2021.05.04-00.09.41:205][  0]LogConfig: Setting CVar [[r.VolumetricFog:1]]
[2021.05.04-00.09.41:205][  0]LogConfig: Setting CVar [[r.VolumetricFog.GridPixelSize:8]]
[2021.05.04-00.09.41:205][  0]LogConfig: Setting CVar [[r.VolumetricFog.GridSizeZ:128]]
[2021.05.04-00.09.41:205][  0]LogConfig: Setting CVar [[r.VolumetricFog.HistoryMissSupersampleCount:4]]
[2021.05.04-00.09.41:206][  0]LogConfig: Setting CVar [[r.LightMaxDrawDistanceScale:1]]
[2021.05.04-00.09.41:206][  0]LogConfig: Setting CVar [[r.CapsuleShadows:1]]
[2021.05.04-00.09.41:206][  0]LogConfig: Applying CVar settings from Section [PostProcessQuality@3] File [../../../AlCielo/Saved/Config/WindowsNoEditor/Scalability.ini]
[2021.05.04-00.09.41:206][  0]LogConfig: Setting CVar [[r.MotionBlurQuality:0]]
[2021.05.04-00.09.41:206][  0]LogConfig: Setting CVar [[r.AmbientOcclusionMipLevelFactor:0.4]]
[2021.05.04-00.09.41:206][  0]LogConfig: Setting CVar [[r.AmbientOcclusionMaxQuality:100]]
[2021.05.04-00.09.41:206][  0]LogConfig: Setting CVar [[r.AmbientOcclusionLevels:0]]
[2021.05.04-00.09.41:206][  0]LogConfig: Setting CVar [[r.AmbientOcclusionRadiusScale:1.0]]
[2021.05.04-00.09.41:206][  0]LogConfig: Setting CVar [[r.DepthOfFieldQuality:0]]
[2021.05.04-00.09.41:206][  0]LogConfig: Setting CVar [[r.RenderTargetPoolMin:400]]
[2021.05.04-00.09.41:206][  0]LogConfig: Setting CVar [[r.LensFlareQuality:0]]
[2021.05.04-00.09.41:206][  0]LogConfig: Setting CVar [[r.SceneColorFringeQuality:0]]
[2021.05.04-00.09.41:206][  0]LogConfig: Setting CVar [[r.EyeAdaptationQuality:2]]
[2021.05.04-00.09.41:206][  0]LogConfig: Setting CVar [[r.BloomQuality:1]]
[2021.05.04-00.09.41:206][  0]LogConfig: Setting CVar [[r.FastBlurThreshold:0]]
[2021.05.04-00.09.41:206][  0]LogConfig: Setting CVar [[r.Upscale.Quality:3]]
[2021.05.04-00.09.41:206][  0]LogConfig: Setting CVar [[r.Tonemapper.GrainQuantization:1]]
[2021.05.04-00.09.41:206][  0]LogConfig: Setting CVar [[r.LightShaftQuality:1]]
[2021.05.04-00.09.41:206][  0]LogConfig: Setting CVar [[r.Filter.SizeScale:1]]
[2021.05.04-00.09.41:206][  0]LogConfig: Setting CVar [[r.Tonemapper.Quality:5]]
[2021.05.04-00.09.41:206][  0]LogConfig: Setting CVar [[r.DOF.Gather.AccumulatorQuality:1        ; higher gathering accumulator quality]]
[2021.05.04-00.09.41:206][  0]LogConfig: Setting CVar [[r.DOF.Gather.PostfilterMethod:1          ; Median3x3 postfilering method]]
[2021.05.04-00.09.41:206][  0]LogConfig: Setting CVar [[r.DOF.Gather.EnableBokehSettings:0       ; no bokeh simulation when gathering]]
[2021.05.04-00.09.41:206][  0]LogConfig: Setting CVar [[r.DOF.Gather.RingCount:4                 ; medium number of samples when gathering]]
[2021.05.04-00.09.41:206][  0]LogConfig: Setting CVar [[r.DOF.Scatter.ForegroundCompositing:1    ; additive foreground scattering]]
[2021.05.04-00.09.41:206][  0]LogConfig: Setting CVar [[r.DOF.Scatter.BackgroundCompositing:2    ; additive background scattering]]
[2021.05.04-00.09.41:206][  0]LogConfig: Setting CVar [[r.DOF.Scatter.EnableBokehSettings:1      ; bokeh simulation when scattering]]
[2021.05.04-00.09.41:206][  0]LogConfig: Setting CVar [[r.DOF.Scatter.MaxSpriteRatio:0.1         ; only a maximum of 10% of scattered bokeh]]
[2021.05.04-00.09.41:206][  0]LogConfig: Setting CVar [[r.DOF.Recombine.Quality:1                ; cheap slight out of focus]]
[2021.05.04-00.09.41:206][  0]LogConfig: Setting CVar [[r.DOF.Recombine.EnableBokehSettings:0    ; no bokeh simulation on slight out of focus]]
[2021.05.04-00.09.41:206][  0]LogConfig: Setting CVar [[r.DOF.TemporalAAQuality:1                ; more stable temporal accumulation]]
[2021.05.04-00.09.41:206][  0]LogConfig: Setting CVar [[r.DOF.Kernel.MaxForegroundRadius:0.025]]
[2021.05.04-00.09.41:206][  0]LogConfig: Setting CVar [[r.DOF.Kernel.MaxBackgroundRadius:0.025]]
[2021.05.04-00.09.41:206][  0]LogConfig: Applying CVar settings from Section [TextureQuality@3] File [../../../AlCielo/Saved/Config/WindowsNoEditor/Scalability.ini]
[2021.05.04-00.09.41:206][  0]LogConfig: Setting CVar [[r.Streaming.MipBias:0]]
[2021.05.04-00.09.41:206][  0]LogConfig: Setting CVar [[r.Streaming.AmortizeCPUToGPUCopy:0]]
[2021.05.04-00.09.41:206][  0]LogConfig: Setting CVar [[r.Streaming.MaxNumTexturesToStreamPerFrame:0]]
[2021.05.04-00.09.41:206][  0]LogConfig: Setting CVar [[r.Streaming.Boost:1]]
[2021.05.04-00.09.41:206][  0]LogConfig: Setting CVar [[r.MaxAnisotropy:8]]
[2021.05.04-00.09.41:206][  0]LogConfig: Setting CVar [[r.VT.MaxAnisotropy:8]]
[2021.05.04-00.09.41:206][  0]LogConfig: Setting CVar [[r.Streaming.LimitPoolSizeToVRAM:0]]
[2021.05.04-00.09.41:206][  0]LogConfig: Setting CVar [[r.Streaming.PoolSize:1000]]
[2021.05.04-00.09.41:206][  0]LogConfig: Setting CVar [[r.Streaming.MaxEffectiveScreenSize:0]]
[2021.05.04-00.09.41:207][  0]LogConfig: Applying CVar settings from Section [EffectsQuality@3] File [../../../AlCielo/Saved/Config/WindowsNoEditor/Scalability.ini]
[2021.05.04-00.09.41:207][  0]LogConfig: Setting CVar [[r.TranslucencyLightingVolumeDim:4]]
[2021.05.04-00.09.41:207][  0]LogConfig: Setting CVar [[r.RefractionQuality:2]]
[2021.05.04-00.09.41:207][  0]LogConfig: Setting CVar [[r.SSR.Quality:0]]
[2021.05.04-00.09.41:207][  0]LogConfig: Setting CVar [[r.SSR.HalfResSceneColor:0]]
[2021.05.04-00.09.41:207][  0]LogConfig: Setting CVar [[r.SceneColorFormat:2]]
[2021.05.04-00.09.41:207][  0]LogConfig: Setting CVar [[r.DetailMode:2]]
[2021.05.04-00.09.41:207][  0]LogConfig: Setting CVar [[r.TranslucencyVolumeBlur:0]]
[2021.05.04-00.09.41:207][  0]LogConfig: Setting CVar [[r.MaterialQualityLevel:1 ; High quality]]
[2021.05.04-00.09.41:207][  0]LogConfig: Setting CVar [[r.SSS.Scale:1]]
[2021.05.04-00.09.41:207][  0]LogConfig: Setting CVar [[r.SSS.SampleSet:2]]
[2021.05.04-00.09.41:207][  0]LogConfig: Setting CVar [[r.SSS.Quality:1]]
[2021.05.04-00.09.41:207][  0]LogConfig: Setting CVar [[r.SSS.HalfRes:0]]
[2021.05.04-00.09.41:207][  0]LogConfig: Setting CVar [[r.SSGI.Quality:3]]
[2021.05.04-00.09.41:207][  0]LogConfig: Setting CVar [[r.EmitterSpawnRateScale:1.0]]
[2021.05.04-00.09.41:207][  0]LogConfig: Setting CVar [[r.ParticleLightQuality:2]]
[2021.05.04-00.09.41:207][  0]LogConfig: Setting CVar [[r.SkyAtmosphere.AerialPerspectiveLUT.FastApplyOnOpaque:1 ; Always have FastSkyLUT 1 in this case to avoid wrong sky]]
[2021.05.04-00.09.41:207][  0]LogConfig: Setting CVar [[r.SkyAtmosphere.AerialPerspectiveLUT.SampleCountPerSlice:1]]
[2021.05.04-00.09.41:207][  0]LogConfig: Setting CVar [[r.SkyAtmosphere.AerialPerspectiveLUT.DepthResolution:16.0]]
[2021.05.04-00.09.41:207][  0]LogConfig: Setting CVar [[r.SkyAtmosphere.FastSkyLUT:1]]
[2021.05.04-00.09.41:207][  0]LogConfig: Setting CVar [[r.SkyAtmosphere.FastSkyLUT.SampleCountMin:4.0]]
[2021.05.04-00.09.41:207][  0]LogConfig: Setting CVar [[r.SkyAtmosphere.FastSkyLUT.SampleCountMax:32.0]]
[2021.05.04-00.09.41:207][  0]LogConfig: Setting CVar [[r.SkyAtmosphere.SampleCountMin:4.0]]
[2021.05.04-00.09.41:207][  0]LogConfig: Setting CVar [[r.SkyAtmosphere.SampleCountMax:32.0]]
[2021.05.04-00.09.41:207][  0]LogConfig: Setting CVar [[r.SkyAtmosphere.TransmittanceLUT.UseSmallFormat:0]]
[2021.05.04-00.09.41:207][  0]LogConfig: Setting CVar [[r.SkyAtmosphere.TransmittanceLUT.SampleCount:10.0]]
[2021.05.04-00.09.41:207][  0]LogConfig: Setting CVar [[r.SkyAtmosphere.MultiScatteringLUT.SampleCount:15.0]]
[2021.05.04-00.09.41:207][  0]LogConfig: Setting CVar [[fx.Niagara.QualityLevel:3]]
[2021.05.04-00.09.41:207][  0]LogConfig: Applying CVar settings from Section [FoliageQuality@3] File [../../../AlCielo/Saved/Config/WindowsNoEditor/Scalability.ini]
[2021.05.04-00.09.41:207][  0]LogConfig: Setting CVar [[foliage.DensityScale:1.0]]
[2021.05.04-00.09.41:207][  0]LogConfig: Setting CVar [[grass.DensityScale:1.0]]
[2021.05.04-00.09.41:207][  0]LogConfig: Applying CVar settings from Section [ShadingQuality@3] File [../../../AlCielo/Saved/Config/WindowsNoEditor/Scalability.ini]
[2021.05.04-00.09.41:207][  0]LogConfig: Setting CVar [[r.HairStrands.SkyLighting.SampleCount:16]]
[2021.05.04-00.09.41:207][  0]LogConfig: Setting CVar [[r.HairStrands.SkyLighting.JitterIntegration:0]]
[2021.05.04-00.09.41:207][  0]LogConfig: Setting CVar [[r.HairStrands.SkyAO.SampleCount:16]]
[2021.05.04-00.09.41:207][  0]LogConfig: Setting CVar [[r.HairStrands.DeepShadow.SuperSampling:0]]
[2021.05.04-00.09.41:207][  0]LogConfig: Setting CVar [[r.HairStrands.VisibilityPPLL:0]]
[2021.05.04-00.09.41:207][  0]LogConfig: Setting CVar [[r.HairStrands.RasterizationScale:0.5]]
[2021.05.04-00.09.41:207][  0]LogConfig: Setting CVar [[r.HairStrands.VelocityRasterizationScale:1]]
[2021.05.04-00.09.41:207][  0]LogInit: Selected Device Profile: [WindowsNoEditor]
[2021.05.04-00.09.41:207][  0]LogInit: Applying CVar settings loaded from the selected device profile: [WindowsNoEditor]
[2021.05.04-00.09.41:208][  0]LogHAL: Display: Platform has ~ 64 GB [68569432064 / 68719476736 / 64], which maps to Largest [LargestMinGB=32, LargerMinGB=12, DefaultMinGB=8, SmallerMinGB=6, SmallestMinGB=0)
[2021.05.04-00.09.41:208][  0]LogInit: Going up to parent DeviceProfile [Windows]
[2021.05.04-00.09.41:208][  0]LogInit: Going up to parent DeviceProfile []
[2021.05.04-00.09.41:208][  0]LogConfig: Applying CVar settings from Section [ViewDistanceQuality@3] File [../../../AlCielo/Saved/Config/WindowsNoEditor/Scalability.ini]
[2021.05.04-00.09.41:208][  0]LogConfig: Setting CVar [[r.SkeletalMeshLODBias:0]]
[2021.05.04-00.09.41:208][  0]LogConfig: Setting CVar [[r.ViewDistanceScale:1.0]]
[2021.05.04-00.09.41:208][  0]LogConfig: Applying CVar settings from Section [AntiAliasingQuality@3] File [../../../AlCielo/Saved/Config/WindowsNoEditor/Scalability.ini]
[2021.05.04-00.09.41:208][  0]LogConfig: Setting CVar [[r.PostProcessAAQuality:3]]
[2021.05.04-00.09.41:208][  0]LogConfig: Applying CVar settings from Section [ShadowQuality@3] File [../../../AlCielo/Saved/Config/WindowsNoEditor/Scalability.ini]
[2021.05.04-00.09.41:208][  0]LogConfig: Setting CVar [[r.LightFunctionQuality:1]]
[2021.05.04-00.09.41:208][  0]LogConfig: Setting CVar [[r.ShadowQuality:5]]
[2021.05.04-00.09.41:208][  0]LogConfig: Setting CVar [[r.Shadow.CSM.MaxCascades:10]]
[2021.05.04-00.09.41:208][  0]LogConfig: Setting CVar [[r.Shadow.MaxResolution:2048]]
[2021.05.04-00.09.41:208][  0]LogConfig: Setting CVar [[r.Shadow.MaxCSMResolution:2048]]
[2021.05.04-00.09.41:208][  0]LogConfig: Setting CVar [[r.Shadow.RadiusThreshold:0.01]]
[2021.05.04-00.09.41:208][  0]LogConfig: Setting CVar [[r.Shadow.DistanceScale:1.0]]
[2021.05.04-00.09.41:208][  0]LogConfig: Setting CVar [[r.Shadow.CSM.TransitionScale:1.0]]
[2021.05.04-00.09.41:208][  0]LogConfig: Setting CVar [[r.Shadow.PreShadowResolutionFactor:1.0]]
[2021.05.04-00.09.41:208][  0]LogConfig: Setting CVar [[r.DistanceFieldShadowing:1]]
[2021.05.04-00.09.41:208][  0]LogConfig: Setting CVar [[r.DistanceFieldAO:1]]
[2021.05.04-00.09.41:208][  0]LogConfig: Setting CVar [[r.AOQuality:2]]
[2021.05.04-00.09.41:208][  0]LogConfig: Setting CVar [[r.VolumetricFog:1]]
[2021.05.04-00.09.41:208][  0]LogConfig: Setting CVar [[r.VolumetricFog.GridPixelSize:8]]
[2021.05.04-00.09.41:208][  0]LogConfig: Setting CVar [[r.VolumetricFog.GridSizeZ:128]]
[2021.05.04-00.09.41:208][  0]LogConfig: Setting CVar [[r.VolumetricFog.HistoryMissSupersampleCount:4]]
[2021.05.04-00.09.41:208][  0]LogConfig: Setting CVar [[r.LightMaxDrawDistanceScale:1]]
[2021.05.04-00.09.41:208][  0]LogConfig: Setting CVar [[r.CapsuleShadows:1]]
[2021.05.04-00.09.41:208][  0]LogConfig: Applying CVar settings from Section [PostProcessQuality@3] File [../../../AlCielo/Saved/Config/WindowsNoEditor/Scalability.ini]
[2021.05.04-00.09.41:208][  0]LogConfig: Setting CVar [[r.MotionBlurQuality:0]]
[2021.05.04-00.09.41:208][  0]LogConfig: Setting CVar [[r.AmbientOcclusionMipLevelFactor:0.4]]
[2021.05.04-00.09.41:208][  0]LogConfig: Setting CVar [[r.AmbientOcclusionMaxQuality:100]]
[2021.05.04-00.09.41:208][  0]LogConfig: Setting CVar [[r.AmbientOcclusionLevels:0]]
[2021.05.04-00.09.41:208][  0]LogConfig: Setting CVar [[r.AmbientOcclusionRadiusScale:1.0]]
[2021.05.04-00.09.41:208][  0]LogConfig: Setting CVar [[r.DepthOfFieldQuality:0]]
[2021.05.04-00.09.41:208][  0]LogConfig: Setting CVar [[r.RenderTargetPoolMin:400]]
[2021.05.04-00.09.41:208][  0]LogConfig: Setting CVar [[r.LensFlareQuality:0]]
[2021.05.04-00.09.41:208][  0]LogConfig: Setting CVar [[r.SceneColorFringeQuality:0]]
[2021.05.04-00.09.41:208][  0]LogConfig: Setting CVar [[r.EyeAdaptationQuality:2]]
[2021.05.04-00.09.41:208][  0]LogConfig: Setting CVar [[r.BloomQuality:1]]
[2021.05.04-00.09.41:208][  0]LogConfig: Setting CVar [[r.FastBlurThreshold:0]]
[2021.05.04-00.09.41:209][  0]LogConfig: Setting CVar [[r.Upscale.Quality:3]]
[2021.05.04-00.09.41:209][  0]LogConfig: Setting CVar [[r.Tonemapper.GrainQuantization:1]]
[2021.05.04-00.09.41:209][  0]LogConfig: Setting CVar [[r.LightShaftQuality:1]]
[2021.05.04-00.09.41:209][  0]LogConfig: Setting CVar [[r.Filter.SizeScale:1]]
[2021.05.04-00.09.41:209][  0]LogConfig: Setting CVar [[r.Tonemapper.Quality:5]]
[2021.05.04-00.09.41:209][  0]LogConfig: Setting CVar [[r.DOF.Gather.AccumulatorQuality:1        ; higher gathering accumulator quality]]
[2021.05.04-00.09.41:209][  0]LogConfig: Setting CVar [[r.DOF.Gather.PostfilterMethod:1          ; Median3x3 postfilering method]]
[2021.05.04-00.09.41:209][  0]LogConfig: Setting CVar [[r.DOF.Gather.EnableBokehSettings:0       ; no bokeh simulation when gathering]]
[2021.05.04-00.09.41:209][  0]LogConfig: Setting CVar [[r.DOF.Gather.RingCount:4                 ; medium number of samples when gathering]]
[2021.05.04-00.09.41:209][  0]LogConfig: Setting CVar [[r.DOF.Scatter.ForegroundCompositing:1    ; additive foreground scattering]]
[2021.05.04-00.09.41:209][  0]LogConfig: Setting CVar [[r.DOF.Scatter.BackgroundCompositing:2    ; additive background scattering]]
[2021.05.04-00.09.41:209][  0]LogConfig: Setting CVar [[r.DOF.Scatter.EnableBokehSettings:1      ; bokeh simulation when scattering]]
[2021.05.04-00.09.41:209][  0]LogConfig: Setting CVar [[r.DOF.Scatter.MaxSpriteRatio:0.1         ; only a maximum of 10% of scattered bokeh]]
[2021.05.04-00.09.41:209][  0]LogConfig: Setting CVar [[r.DOF.Recombine.Quality:1                ; cheap slight out of focus]]
[2021.05.04-00.09.41:209][  0]LogConfig: Setting CVar [[r.DOF.Recombine.EnableBokehSettings:0    ; no bokeh simulation on slight out of focus]]
[2021.05.04-00.09.41:209][  0]LogConfig: Setting CVar [[r.DOF.TemporalAAQuality:1                ; more stable temporal accumulation]]
[2021.05.04-00.09.41:209][  0]LogConfig: Setting CVar [[r.DOF.Kernel.MaxForegroundRadius:0.025]]
[2021.05.04-00.09.41:209][  0]LogConfig: Setting CVar [[r.DOF.Kernel.MaxBackgroundRadius:0.025]]
[2021.05.04-00.09.41:209][  0]LogConfig: Applying CVar settings from Section [TextureQuality@3] File [../../../AlCielo/Saved/Config/WindowsNoEditor/Scalability.ini]
[2021.05.04-00.09.41:209][  0]LogConfig: Setting CVar [[r.Streaming.MipBias:0]]
[2021.05.04-00.09.41:209][  0]LogConfig: Setting CVar [[r.Streaming.AmortizeCPUToGPUCopy:0]]
[2021.05.04-00.09.41:209][  0]LogConfig: Setting CVar [[r.Streaming.MaxNumTexturesToStreamPerFrame:0]]
[2021.05.04-00.09.41:209][  0]LogConfig: Setting CVar [[r.Streaming.Boost:1]]
[2021.05.04-00.09.41:209][  0]LogConfig: Setting CVar [[r.MaxAnisotropy:8]]
[2021.05.04-00.09.41:209][  0]LogConfig: Setting CVar [[r.VT.MaxAnisotropy:8]]
[2021.05.04-00.09.41:209][  0]LogConfig: Setting CVar [[r.Streaming.LimitPoolSizeToVRAM:0]]
[2021.05.04-00.09.41:209][  0]LogConfig: Setting CVar [[r.Streaming.PoolSize:1000]]
[2021.05.04-00.09.41:209][  0]LogConfig: Setting CVar [[r.Streaming.MaxEffectiveScreenSize:0]]
[2021.05.04-00.09.41:209][  0]LogConfig: Applying CVar settings from Section [EffectsQuality@3] File [../../../AlCielo/Saved/Config/WindowsNoEditor/Scalability.ini]
[2021.05.04-00.09.41:209][  0]LogConfig: Setting CVar [[r.TranslucencyLightingVolumeDim:4]]
[2021.05.04-00.09.41:209][  0]LogConfig: Setting CVar [[r.RefractionQuality:2]]
[2021.05.04-00.09.41:209][  0]LogConfig: Setting CVar [[r.SSR.Quality:0]]
[2021.05.04-00.09.41:209][  0]LogConfig: Setting CVar [[r.SSR.HalfResSceneColor:0]]
[2021.05.04-00.09.41:209][  0]LogConfig: Setting CVar [[r.SceneColorFormat:2]]
[2021.05.04-00.09.41:209][  0]LogConfig: Setting CVar [[r.DetailMode:2]]
[2021.05.04-00.09.41:209][  0]LogConfig: Setting CVar [[r.TranslucencyVolumeBlur:0]]
[2021.05.04-00.09.41:209][  0]LogConfig: Setting CVar [[r.MaterialQualityLevel:1 ; High quality]]
[2021.05.04-00.09.41:209][  0]LogConfig: Setting CVar [[r.SSS.Scale:1]]
[2021.05.04-00.09.41:209][  0]LogConfig: Setting CVar [[r.SSS.SampleSet:2]]
[2021.05.04-00.09.41:209][  0]LogConfig: Setting CVar [[r.SSS.Quality:1]]
[2021.05.04-00.09.41:209][  0]LogConfig: Setting CVar [[r.SSS.HalfRes:0]]
[2021.05.04-00.09.41:209][  0]LogConfig: Setting CVar [[r.SSGI.Quality:3]]
[2021.05.04-00.09.41:209][  0]LogConfig: Setting CVar [[r.EmitterSpawnRateScale:1.0]]
[2021.05.04-00.09.41:209][  0]LogConfig: Setting CVar [[r.ParticleLightQuality:2]]
[2021.05.04-00.09.41:209][  0]LogConfig: Setting CVar [[r.SkyAtmosphere.AerialPerspectiveLUT.FastApplyOnOpaque:1 ; Always have FastSkyLUT 1 in this case to avoid wrong sky]]
[2021.05.04-00.09.41:209][  0]LogConfig: Setting CVar [[r.SkyAtmosphere.AerialPerspectiveLUT.SampleCountPerSlice:1]]
[2021.05.04-00.09.41:209][  0]LogConfig: Setting CVar [[r.SkyAtmosphere.AerialPerspectiveLUT.DepthResolution:16.0]]
[2021.05.04-00.09.41:209][  0]LogConfig: Setting CVar [[r.SkyAtmosphere.FastSkyLUT:1]]
[2021.05.04-00.09.41:209][  0]LogConfig: Setting CVar [[r.SkyAtmosphere.FastSkyLUT.SampleCountMin:4.0]]
[2021.05.04-00.09.41:210][  0]LogConfig: Setting CVar [[r.SkyAtmosphere.FastSkyLUT.SampleCountMax:32.0]]
[2021.05.04-00.09.41:210][  0]LogConfig: Setting CVar [[r.SkyAtmosphere.SampleCountMin:4.0]]
[2021.05.04-00.09.41:210][  0]LogConfig: Setting CVar [[r.SkyAtmosphere.SampleCountMax:32.0]]
[2021.05.04-00.09.41:210][  0]LogConfig: Setting CVar [[r.SkyAtmosphere.TransmittanceLUT.UseSmallFormat:0]]
[2021.05.04-00.09.41:210][  0]LogConfig: Setting CVar [[r.SkyAtmosphere.TransmittanceLUT.SampleCount:10.0]]
[2021.05.04-00.09.41:210][  0]LogConfig: Setting CVar [[r.SkyAtmosphere.MultiScatteringLUT.SampleCount:15.0]]
[2021.05.04-00.09.41:210][  0]LogConfig: Setting CVar [[fx.Niagara.QualityLevel:3]]
[2021.05.04-00.09.41:210][  0]LogConfig: Applying CVar settings from Section [FoliageQuality@3] File [../../../AlCielo/Saved/Config/WindowsNoEditor/Scalability.ini]
[2021.05.04-00.09.41:210][  0]LogConfig: Setting CVar [[foliage.DensityScale:1.0]]
[2021.05.04-00.09.41:210][  0]LogConfig: Setting CVar [[grass.DensityScale:1.0]]
[2021.05.04-00.09.41:210][  0]LogConfig: Applying CVar settings from Section [ShadingQuality@3] File [../../../AlCielo/Saved/Config/WindowsNoEditor/Scalability.ini]
[2021.05.04-00.09.41:210][  0]LogConfig: Setting CVar [[r.HairStrands.SkyLighting.SampleCount:16]]
[2021.05.04-00.09.41:210][  0]LogConfig: Setting CVar [[r.HairStrands.SkyLighting.JitterIntegration:0]]
[2021.05.04-00.09.41:210][  0]LogConfig: Setting CVar [[r.HairStrands.SkyAO.SampleCount:16]]
[2021.05.04-00.09.41:210][  0]LogConfig: Setting CVar [[r.HairStrands.DeepShadow.SuperSampling:0]]
[2021.05.04-00.09.41:210][  0]LogConfig: Setting CVar [[r.HairStrands.VisibilityPPLL:0]]
[2021.05.04-00.09.41:210][  0]LogConfig: Setting CVar [[r.HairStrands.RasterizationScale:0.5]]
[2021.05.04-00.09.41:210][  0]LogConfig: Setting CVar [[r.HairStrands.VelocityRasterizationScale:1]]
[2021.05.04-00.09.41:210][  0]LogConfig: Applying CVar settings from Section [Startup] File [../../../Engine/Config/ConsoleVariables.ini]
[2021.05.04-00.09.41:210][  0]LogConfig: Setting CVar [[net.UseAdaptiveNetUpdateFrequency:0]]
[2021.05.04-00.09.41:210][  0]LogConfig: Setting CVar [[p.chaos.AllowCreatePhysxBodies:1]]
[2021.05.04-00.09.41:210][  0]LogConfig: Setting CVar [[fx.SkipVectorVMBackendOptimizations:1]]
[2021.05.04-00.09.41:210][  0]LogConfig: Applying CVar settings from Section [ConsoleVariables] File [../../../AlCielo/Saved/Config/WindowsNoEditor/Engine.ini]
[2021.05.04-00.09.41:211][  0]LogInit: Computer: DESKTOP-G6DIG6F
[2021.05.04-00.09.41:211][  0]LogInit: User: Oliver
[2021.05.04-00.09.41:211][  0]LogInit: CPU Page size=4096, Cores=8
[2021.05.04-00.09.41:211][  0]LogInit: High frequency timer resolution =10.000000 MHz
[2021.05.04-00.09.41:211][  0]LogMemory: Memory total: Physical=63.9GB (64GB approx)
[2021.05.04-00.09.41:211][  0]LogMemory: Platform Memory Stats for WindowsNoEditor
[2021.05.04-00.09.41:211][  0]LogMemory: Process Physical Memory: 69.12 MB used, 69.13 MB peak
[2021.05.04-00.09.41:211][  0]LogMemory: Process Virtual Memory: 75.29 MB used, 75.29 MB peak
[2021.05.04-00.09.41:211][  0]LogMemory: Physical Memory: 15578.16 MB used,  49814.74 MB free, 65392.91 MB total
[2021.05.04-00.09.41:211][  0]LogMemory: Virtual Memory: 4950.39 MB used,  134212776.00 MB free, 134217728.00 MB total
[2021.05.04-00.09.41:215][  0]LogWindows: WindowsPlatformFeatures enabled
[2021.05.04-00.09.41:279][  0]LogInit: Physics initialised using underlying interface: PhysX
[2021.05.04-00.09.41:280][  0]LogInit: Using OS detected language (en-US).
[2021.05.04-00.09.41:280][  0]LogInit: Using OS detected locale (en-US).
[2021.05.04-00.09.41:281][  0]LogTextLocalizationManager: No specific localization for 'en-US' exists, so the 'en' localization will be used.
[2021.05.04-00.09.41:344][  0]LogSlate: New Slate User Created.  User Index 0, Is Virtual User: 0
[2021.05.04-00.09.41:344][  0]LogSlate: Slate User Registered.  User Index 0, Is Virtual User: 0
[2021.05.04-00.09.42:003][  0]LogD3D11RHI: D3D11 min allowed feature level: 11_0
[2021.05.04-00.09.42:003][  0]LogD3D11RHI: D3D11 max allowed feature level: 11_0
[2021.05.04-00.09.42:003][  0]LogD3D11RHI: D3D11 adapters:
[2021.05.04-00.09.42:178][  0]LogD3D11RHI:    0. 'NVIDIA GeForce RTX 2080 with Max-Q Design' (Feature Level 11_0)
[2021.05.04-00.09.42:178][  0]LogD3D11RHI:       8010/0/32696 MB DedicatedVideo/DedicatedSystem/SharedSystem, Outputs:1, VendorId:0x10de
[2021.05.04-00.09.42:236][  0]LogD3D11RHI:    1. 'Intel(R) UHD Graphics 630' (Feature Level 11_0)
[2021.05.04-00.09.42:236][  0]LogD3D11RHI:       128/0/32696 MB DedicatedVideo/DedicatedSystem/SharedSystem, Outputs:0, VendorId:0x8086
[2021.05.04-00.09.42:241][  0]LogD3D11RHI:    2. 'Microsoft Basic Render Driver' (Feature Level 11_0)
[2021.05.04-00.09.42:241][  0]LogD3D11RHI:       0/0/32696 MB DedicatedVideo/DedicatedSystem/SharedSystem, Outputs:0, VendorId:0x1414
[2021.05.04-00.09.42:241][  0]LogD3D11RHI: Chosen D3D11 Adapter: 0
[2021.05.04-00.09.42:254][  0]LogD3D11RHI: Creating new Direct3DDevice
[2021.05.04-00.09.42:254][  0]LogD3D11RHI:     GPU DeviceId: 0x1e90 (for the marketing name, search the web for "GPU Device Id")
[2021.05.04-00.09.42:254][  0]LogWindows: EnumDisplayDevices:
[2021.05.04-00.09.42:255][  0]LogWindows:    0. 'Intel(R) UHD Graphics 630' (P:1 D:1)
[2021.05.04-00.09.42:255][  0]LogWindows:    1. 'Intel(R) UHD Graphics 630' (P:0 D:0)
[2021.05.04-00.09.42:256][  0]LogWindows:    2. 'Intel(R) UHD Graphics 630' (P:0 D:0)
[2021.05.04-00.09.42:256][  0]LogWindows:    3. 'NVIDIA GeForce RTX 2080 with Max-Q Design' (P:0 D:0)
[2021.05.04-00.09.42:257][  0]LogWindows:    4. 'NVIDIA GeForce RTX 2080 with Max-Q Design' (P:0 D:0)
[2021.05.04-00.09.42:257][  0]LogWindows:    5. 'NVIDIA GeForce RTX 2080 with Max-Q Design' (P:0 D:0)
[2021.05.04-00.09.42:258][  0]LogWindows:    6. 'NVIDIA GeForce RTX 2080 with Max-Q Design' (P:0 D:0)
[2021.05.04-00.09.42:258][  0]LogWindows: DebugString: PrimaryIsNotTheChoosenAdapter PrimaryIsNotTheChoosenAdapter PrimaryIsNotTheChoosenAdapter FoundDriverCount:4 
[2021.05.04-00.09.42:258][  0]LogD3D11RHI:     Adapter Name: NVIDIA GeForce RTX 2080 with Max-Q Design
[2021.05.04-00.09.42:258][  0]LogD3D11RHI:   Driver Version: 465.89 (internal:27.21.14.6589, unified:465.89)
[2021.05.04-00.09.42:258][  0]LogD3D11RHI:      Driver Date: 3-25-2021
[2021.05.04-00.09.42:258][  0]LogRHI: Texture pool is 5607 MB (70% of 8010 MB)
[2021.05.04-00.09.42:644][  0]LogD3D11RHI: RHI has support for 64 bit atomics
[2021.05.04-00.09.42:644][  0]LogD3D11RHI: Async texture creation enabled
[2021.05.04-00.09.42:644][  0]LogD3D11RHI: Array index from any shader is supported
[2021.05.04-00.09.42:698][  0]LogD3D11RHI: GPU Timing Frequency: 1000.000000 (Debug: 2 1)
[2021.05.04-00.09.42:700][  0]LogShaderLibrary: Display: Using ../../../AlCielo/Content/ShaderArchive-Global-PCD3D_SM5.ushaderbytecode for material shader code. Total 2058 unique shaders.
[2021.05.04-00.09.42:700][  0]LogShaderLibrary: Display: Cooked Context: Using Shared Shader Library Global
[2021.05.04-00.09.42:703][  0]LogTemp: Warning: Clearing the OS Cache
[2021.05.04-00.09.42:712][  0]LogPakFile: New pak file ../../../AlCielo/Content/Paks/AlCielo-WindowsNoEditor.pak added to pak precacher.
[2021.05.04-00.09.42:761][  0]LogSlate: Using FreeType 2.10.0
[2021.05.04-00.09.42:762][  0]LogSlate: SlateFontServices - WITH_FREETYPE: 1, WITH_HARFBUZZ: 1
[2021.05.04-00.09.42:964][  0]LogShaderLibrary: Display: Using ../../../AlCielo/Content/ShaderArchive-AlCielo-PCD3D_SM5.ushaderbytecode for material shader code. Total 1646 unique shaders.
[2021.05.04-00.09.42:964][  0]LogShaderLibrary: Display: Cooked Context: Using Shared Shader Library AlCielo
[2021.05.04-00.09.42:964][  0]LogRHI: Display: Opened pipeline cache after state change and enqueued 0 of 0 tasks for precompile.
[2021.05.04-00.09.42:964][  0]LogRHI: Display: Failed to open default shader pipeline cache for AlCielo using shader platform 0.
[2021.05.04-00.09.42:964][  0]LogRHI: Display: Failed to open default shader pipeline cache for AlCielo using shader platform 0.
[2021.05.04-00.09.42:964][  0]LogInit: Using OS detected language (en-US).
[2021.05.04-00.09.42:964][  0]LogInit: Using OS detected locale (en-US).
[2021.05.04-00.09.42:965][  0]LogTextLocalizationManager: No localization for 'en-US' exists, so 'en' will be used for the language.
[2021.05.04-00.09.42:965][  0]LogTextLocalizationManager: No localization for 'en-US' exists, so 'en' will be used for the locale.
[2021.05.04-00.09.42:965][  0]LogSlate: FontCache flush requested. Reason: Culture for localization was changed
[2021.05.04-00.09.42:965][  0]LogSlate: FontCache flush requested. Reason: Culture for localization was changed
[2021.05.04-00.09.42:966][  0]LogTextLocalizationManager: Compacting localization data took   0.98ms
[2021.05.04-00.09.42:985][  0]LogAssetRegistry: FAssetRegistry took 0.0185 seconds to start up
[2021.05.04-00.09.43:143][  0]LogStreaming: Display: Flushing async loaders.
[2021.05.04-00.09.43:144][  0]LogPackageLocalizationCache: Processed 18 localized package path(s) for 1 prioritized culture(s) in 0.000166 seconds
[2021.05.04-00.09.43:151][  0]LogInit: Selected Device Profile: [WindowsNoEditor]
[2021.05.04-00.09.43:181][  0]LogNetVersion: AlCielo 1.0.0, NetCL: 13144385, EngineNetVer: 14, GameNetVer: 0 (Checksum: 4045464020)
[2021.05.04-00.09.43:241][  0]LogAudioCaptureCore: Display: No Audio Capture implementations found. Audio input will be silent.
[2021.05.04-00.09.43:241][  0]LogAudioCaptureCore: Display: No Audio Capture implementations found. Audio input will be silent.
[2021.05.04-00.09.43:286][  0]LogAISub: UAISubsystem::UAISubsystem AISubsystem (000001ECB078EBC0), frame # 0
[2021.05.04-00.09.43:286][  0]LogAISub: UAISubsystem::UAISubsystem AIPerceptionSystem (000001ECAFFCEE80), frame # 0
[2021.05.04-00.09.43:288][  0]LogAISub: UAISubsystem::UAISubsystem EnvQueryManager (000001ECAFF4E000), frame # 0
[2021.05.04-00.09.43:298][  0]LogMoviePlayer: Initializing movie player
[2021.05.04-00.09.43:305][  0]LogAndroidPermission: UAndroidPermissionCallbackProxy::GetInstance
[2021.05.04-00.09.43:306][  0]LogOcInput: OculusInput pre-init called
[2021.05.04-00.09.43:312][  0]LogUObjectArray: 14209 objects as part of root set at end of initial load.
[2021.05.04-00.09.43:312][  0]LogUObjectArray: 2 objects are not in the root set, but can never be destroyed because they are in the DisregardForGC set.
[2021.05.04-00.09.43:312][  0]LogUObjectAllocator: 2870488 out of 0 bytes used by permanent object pool.
[2021.05.04-00.09.43:312][  0]LogUObjectArray: CloseDisregardForGC: 14209/14209 objects in disregard for GC pool
[2021.05.04-00.09.43:315][  0]LogEngine: Initializing Engine...
[2021.05.04-00.09.43:316][  0]LogHMD: SteamVR initialized.  Driver: lighthouse  Display: LHR-53AFD6B5
[2021.05.04-00.09.43:318][  0]LogStats: UGameplayTagsManager::InitializeManager -  0.001 s
[2021.05.04-00.09.43:449][  0]LogInit: Initializing FReadOnlyCVARCache
[2021.05.04-00.09.43:449][  0]LogAudioMixer: Display: Audio Mixer Platform Settings:
[2021.05.04-00.09.43:449][  0]LogAudioMixer: Display: 	Sample Rate:						  48000
[2021.05.04-00.09.43:449][  0]LogAudioMixer: Display: 	Callback Buffer Frame Size Requested: 1024
[2021.05.04-00.09.43:449][  0]LogAudioMixer: Display: 	Callback Buffer Frame Size To Use:	  1024
[2021.05.04-00.09.43:450][  0]LogAudioMixer: Display: 	Number of buffers to queue:			  2
[2021.05.04-00.09.43:450][  0]LogAudioMixer: Display: 	Max Channels (voices):				  32
[2021.05.04-00.09.43:450][  0]LogAudioMixer: Display: 	Number of Async Source Workers:		  0
[2021.05.04-00.09.43:450][  0]LogAudio: Display: AudioDevice MaxSources: 32
[2021.05.04-00.09.43:450][  0]LogAudio: Display: Using built-in audio occlusion.
[2021.05.04-00.09.43:450][  0]LogAudioMixer: Display: Initializing audio mixer.
[2021.05.04-00.09.43:464][  0]LogAudioDebug: Display: Lib vorbis DLL was dynamically loaded.
[2021.05.04-00.09.43:495][  0]LogAudioMixer: Display: 0: FrontLeft
[2021.05.04-00.09.43:495][  0]LogAudioMixer: Display: 1: FrontRight
[2021.05.04-00.09.43:533][  0]LogAudioMixer: Display: Using Audio Device VIVE Cosmos (NVIDIA High Definition Audio)
[2021.05.04-00.09.43:534][  0]LogAudioMixer: Display: Initializing Sound Submixes...
[2021.05.04-00.09.43:536][  0]LogAudioMixer: Display: Creating Master Submix 'MasterSubmixDefault'
[2021.05.04-00.09.43:536][  0]LogAudioMixer: Display: Creating Master Submix 'MasterReverbSubmixDefault'
[2021.05.04-00.09.43:539][  0]LogAudioMixer: Display: Creating Master Submix 'MasterEQSubmixDefault'
[2021.05.04-00.09.43:540][  0]LogInit: FAudioDevice initialized.
[2021.05.04-00.09.43:541][  0]LogNetVersion: Set ProjectVersion to 1.0.0.0. Version Checksum will be recalculated on next use.
[2021.05.04-00.09.43:541][  0]LogInit: Texture streaming: Enabled
[2021.05.04-00.09.43:548][  0]LogSlate: Updating window title bar state: overlay mode, drag disabled, window buttons hidden, title bar hidden
[2021.05.04-00.09.43:550][  0]LogInit: Display: Game Engine Initialized.
[2021.05.04-00.09.43:551][  0]LogInit: Display: Starting Game.
[2021.05.04-00.09.43:551][  0]LogNet: Browse: /Game/_Maps/StartMapVR2?Name=Player
[2021.05.04-00.09.43:551][  0]LogLoad: LoadMap: /Game/_Maps/StartMapVR2?Name=Player
[2021.05.04-00.09.43:551][  0]LogWorld: BeginTearingDown for /Temp/Untitled_0
[2021.05.04-00.09.43:554][  0]LogWorld: UWorld::CleanupWorld for Untitled, bSessionEnded=true, bCleanupResources=true
[2021.05.04-00.09.43:554][  0]LogSlate: InvalidateAllWidgets triggered.  All widgets were invalidated
[2021.05.04-00.09.43:561][  0]LogUObjectHash: Compacting FUObjectHashTables data took   1.30ms
[2021.05.04-00.09.43:865][  0]LogBlueprint: Warning: USimpleConstructionScript::FixupRootNodeParentReferences() - Couldn't find native parent component 'Sprite' for 'BoxCollider' in BlueprintGeneratedClass 'Trigger_Music_C' (it may have been removed)
[2021.05.04-00.09.43:865][  0]LogBlueprint: Warning: USimpleConstructionScript::FixupRootNodeParentReferences() - Couldn't find native parent component 'Sprite' for 'CapsuleCollider' in BlueprintGeneratedClass 'Trigger_Music_C' (it may have been removed)
[2021.05.04-00.09.43:883][  0]LogAIModule: Creating AISystem for world StartMapVR2
[2021.05.04-00.09.43:883][  0]LogAISub: UAISubsystem::UAISubsystem EnvQueryManager (000001ECBB1D0800), frame # 0
[2021.05.04-00.09.43:883][  0]LogAISub: UAISubsystem::UAISubsystem AIPerceptionSystem (000001EC868BEE80), frame # 0
[2021.05.04-00.09.43:883][  0]LogLoad: Game class is 'StartMapVRGameMode_C'
[2021.05.04-00.09.43:897][  0]LogWorld: Bringing World /Game/_Maps/StartMapVR2.StartMapVR2 up for play (max tick rate 0) at 2021.05.03-17.09.43
[2021.05.04-00.09.43:898][  0]LogWorld: Bringing up level for play took: 0.012970
[2021.05.04-00.09.43:900][  0]LogGameMode: FindPlayerStart: PATHS NOT DEFINED or NO PLAYERSTART with positive rating
[2021.05.04-00.09.43:901][  0]LogSpawn: Warning: SpawnActor failed because no class was specified
[2021.05.04-00.09.43:907][  0]LogSlate: New Slate User Created.  User Index 8, Is Virtual User: 1
[2021.05.04-00.09.43:907][  0]LogSlate: Slate User Registered.  User Index 8, Is Virtual User: 1
[2021.05.04-00.09.43:907][  0]LogSlate: Slate User Unregistered.  User Index 8
[2021.05.04-00.09.43:907][  0]LogSlate: Slate User Destroyed.  User Index 8, Is Virtual User: 1
[2021.05.04-00.09.43:907][  0]LogSlate: Slate User Unregistered.  User Index 8
[2021.05.04-00.09.43:909][  0]LogSlate: New Slate User Created.  User Index 8, Is Virtual User: 1
[2021.05.04-00.09.43:909][  0]LogSlate: Slate User Registered.  User Index 8, Is Virtual User: 1
[2021.05.04-00.09.43:910][  0]LogUMG: Display: Widget Class VR_StartMain_C - Loaded Fast Template.
[2021.05.04-00.09.43:911][  0]LogUMG: Display: Widget Class VR_Credits_C - Loaded Fast Template.
[2021.05.04-00.09.43:912][  0]LogUMG: Display: Widget Class VR_Options_C - Loaded Fast Template.
[2021.05.04-00.09.43:913][  0]LogUMG: Display: Widget Class HeadsUpDisplay_C - Loaded Fast Template.
[2021.05.04-00.09.43:919][  0]LogLoad: Took 0.367568 seconds to LoadMap(/Game/_Maps/StartMapVR2)
[2021.05.04-00.09.43:923][  0]LogSlate: Took 0.002676 seconds to synchronously load lazily loaded font '../../../Engine/Content/EngineFonts/Faces/RobotoBold.ufont' (160K)
[2021.05.04-00.09.43:992][  0]LogSlate: Took 0.001678 seconds to synchronously load lazily loaded font '../../../Engine/Content/Slate/Fonts/Roboto-Regular.ttf' (155K)
[2021.05.04-00.09.44:002][  0]LogRenderer: Reallocating scene render targets to support 1536x864 Format 26 NumSamples 1 (Frame:1).
[2021.05.04-00.09.44:002][  0]LogRHI: Display: ShaderPipelineCache: Paused Batching. 1
[2021.05.04-00.09.44:002][  0]LogRHI: Display: ShaderPipelineCache: Resumed Batching. 0
[2021.05.04-00.09.44:002][  0]LogRHI: Display: ShaderPipelineCache: Batching Resumed.
[2021.05.04-00.09.44:002][  0]LogLoad: (Engine Initialization) Total time: 3.60 seconds
[2021.05.04-00.09.44:089][  0]LogSteamVRInputDevice: Display: SteamVR runtime 1.5.17 loaded.
[2021.05.04-00.09.44:089][  0]LogSteamVRInputDevice: Display: Action Manifest Path: ../../../AlCielo/Config/SteamVRBindings/steamvr_manifest.json
[2021.05.04-00.09.44:089][  0]LogSteamVRInputDevice: Display: Controller Bindings Path: ../../../AlCielo/Config/SteamVRBindings
[2021.05.04-00.09.44:112][  0]LogSteamVRInputDevice: Searching for Controller Bindings files at: ../../../AlCielo/Config/SteamVRBindings
[2021.05.04-00.09.44:119][  0]LogSteamVRInputDevice: Display: [STEAMVR INPUT] Trying to load Action Manifest from: C:\Users\Oliver\Documents\GitHub\AlCieloBuilds\VR\5.3.21\WindowsNoEditor\AlCielo\Config\SteamVRBindings\steamvr_manifest.json
[2021.05.04-00.09.44:123][  0]LogSteamVRInputDevice: Display: [STEAMVR INPUT] Setting Action Manifest Path Result: Success
[2021.05.04-00.09.44:123][  0]LogSteamVRInputDevice: Display: [STEAMVR INPUT] Setting main action set: Success
[2021.05.04-00.09.44:123][  0]LogSteamVRInputDevice: Display: Retrieving Action Handle: /actions/main/in/controllerleft
[2021.05.04-00.09.44:123][  0]LogSteamVRInputDevice: Display: [STEAMVR INPUT] Setting Action Handle Path Result: Success
[2021.05.04-00.09.44:123][  0]LogSteamVRInputDevice: Display: Retrieving Action Handle: /actions/main/in/controllerright
[2021.05.04-00.09.44:123][  0]LogSteamVRInputDevice: Display: [STEAMVR INPUT] Setting Action Handle Path Result: Success
[2021.05.04-00.09.44:123][  0]LogSteamVRInputDevice: Display: Retrieving Action Handle: /actions/main/in/special1
[2021.05.04-00.09.44:123][  0]LogSteamVRInputDevice: Display: [STEAMVR INPUT] Setting Action Handle Path Result: Success
[2021.05.04-00.09.44:123][  0]LogSteamVRInputDevice: Display: Retrieving Action Handle: /actions/main/in/special2
[2021.05.04-00.09.44:123][  0]LogSteamVRInputDevice: Display: [STEAMVR INPUT] Setting Action Handle Path Result: Success
[2021.05.04-00.09.44:124][  0]LogSteamVRInputDevice: Display: Retrieving Action Handle: /actions/main/in/special3
[2021.05.04-00.09.44:124][  0]LogSteamVRInputDevice: Display: [STEAMVR INPUT] Setting Action Handle Path Result: Success
[2021.05.04-00.09.44:124][  0]LogSteamVRInputDevice: Display: Retrieving Action Handle: /actions/main/in/special4
[2021.05.04-00.09.44:124][  0]LogSteamVRInputDevice: Display: [STEAMVR INPUT] Setting Action Handle Path Result: Success
[2021.05.04-00.09.44:124][  0]LogSteamVRInputDevice: Display: Retrieving Action Handle: /actions/main/in/special5
[2021.05.04-00.09.44:124][  0]LogSteamVRInputDevice: Display: [STEAMVR INPUT] Setting Action Handle Path Result: Success
[2021.05.04-00.09.44:124][  0]LogSteamVRInputDevice: Display: Retrieving Action Handle: /actions/main/in/special6
[2021.05.04-00.09.44:124][  0]LogSteamVRInputDevice: Display: [STEAMVR INPUT] Setting Action Handle Path Result: Success
[2021.05.04-00.09.44:124][  0]LogSteamVRInputDevice: Display: Retrieving Action Handle: /actions/main/in/special7
[2021.05.04-00.09.44:124][  0]LogSteamVRInputDevice: Display: [STEAMVR INPUT] Setting Action Handle Path Result: Success
[2021.05.04-00.09.44:124][  0]LogSteamVRInputDevice: Display: Retrieving Action Handle: /actions/main/in/special8
[2021.05.04-00.09.44:124][  0]LogSteamVRInputDevice: Display: [STEAMVR INPUT] Setting Action Handle Path Result: Success
[2021.05.04-00.09.44:124][  0]LogSteamVRInputDevice: Display: Retrieving Action Handle: /actions/main/in/skeletonleft
[2021.05.04-00.09.44:124][  0]LogSteamVRInputDevice: Display: [STEAMVR INPUT] Setting Action Handle Path Result: Success
[2021.05.04-00.09.44:125][  0]LogSteamVRInputDevice: Display: Retrieving Action Handle: /actions/main/in/skeletonright
[2021.05.04-00.09.44:125][  0]LogSteamVRInputDevice: Display: [STEAMVR INPUT] Setting Action Handle Path Result: Success
[2021.05.04-00.09.44:125][  0]LogSteamVRInputDevice: Display: Retrieving Action Handle: /actions/main/out/vibrateleft
[2021.05.04-00.09.44:125][  0]LogSteamVRInputDevice: Display: [STEAMVR INPUT] Setting Action Handle Path Result: Success
[2021.05.04-00.09.44:125][  0]LogSteamVRInputDevice: Display: Retrieving Action Handle: /actions/main/out/vibrateright
[2021.05.04-00.09.44:125][  0]LogSteamVRInputDevice: Display: [STEAMVR INPUT] Setting Action Handle Path Result: Success
[2021.05.04-00.09.44:125][  0]LogSteamVRInputDevice: Display: Retrieving Action Handle: /actions/main/in/open_console
[2021.05.04-00.09.44:125][  0]LogSteamVRInputDevice: Display: [STEAMVR INPUT] Setting Action Handle Path Result: Success
[2021.05.04-00.09.44:125][  0]LogSteamVRInputDevice: Display: Retrieving Action Handle: /actions/main/in/GrabLeft
[2021.05.04-00.09.44:125][  0]LogSteamVRInputDevice: Display: [STEAMVR INPUT] Setting Action Handle Path Result: Success
[2021.05.04-00.09.44:125][  0]LogSteamVRInputDevice: Display: Retrieving Action Handle: /actions/main/in/GrabLeft
[2021.05.04-00.09.44:125][  0]LogSteamVRInputDevice: Display: [STEAMVR INPUT] Setting Action Handle Path Result: Success
[2021.05.04-00.09.44:126][  0]LogSteamVRInputDevice: Display: Retrieving Action Handle: /actions/main/in/GrabLeft
[2021.05.04-00.09.44:126][  0]LogSteamVRInputDevice: Display: [STEAMVR INPUT] Setting Action Handle Path Result: Success
[2021.05.04-00.09.44:126][  0]LogSteamVRInputDevice: Display: Retrieving Action Handle: /actions/main/in/GrabLeft
[2021.05.04-00.09.44:126][  0]LogSteamVRInputDevice: Display: [STEAMVR INPUT] Setting Action Handle Path Result: Success
[2021.05.04-00.09.44:126][  0]LogSteamVRInputDevice: Display: Retrieving Action Handle: /actions/main/in/GrabRight
[2021.05.04-00.09.44:126][  0]LogSteamVRInputDevice: Display: [STEAMVR INPUT] Setting Action Handle Path Result: Success
[2021.05.04-00.09.44:126][  0]LogSteamVRInputDevice: Display: Retrieving Action Handle: /actions/main/in/GrabRight
[2021.05.04-00.09.44:126][  0]LogSteamVRInputDevice: Display: [STEAMVR INPUT] Setting Action Handle Path Result: Success
[2021.05.04-00.09.44:126][  0]LogSteamVRInputDevice: Display: Retrieving Action Handle: /actions/main/in/GrabRight
[2021.05.04-00.09.44:126][  0]LogSteamVRInputDevice: Display: [STEAMVR INPUT] Setting Action Handle Path Result: Success
[2021.05.04-00.09.44:126][  0]LogSteamVRInputDevice: Display: Retrieving Action Handle: /actions/main/in/GrabRight
[2021.05.04-00.09.44:126][  0]LogSteamVRInputDevice: Display: [STEAMVR INPUT] Setting Action Handle Path Result: Success
[2021.05.04-00.09.44:126][  0]LogSteamVRInputDevice: Display: Retrieving Action Handle: /actions/main/in/TeleportLeft
[2021.05.04-00.09.44:126][  0]LogSteamVRInputDevice: Display: [STEAMVR INPUT] Setting Action Handle Path Result: Success
[2021.05.04-00.09.44:126][  0]LogSteamVRInputDevice: Display: Retrieving Action Handle: /actions/main/in/TeleportLeft
[2021.05.04-00.09.44:126][  0]LogSteamVRInputDevice: Display: [STEAMVR INPUT] Setting Action Handle Path Result: Success
[2021.05.04-00.09.44:126][  0]LogSteamVRInputDevice: Display: Retrieving Action Handle: /actions/main/in/TeleportLeft
[2021.05.04-00.09.44:126][  0]LogSteamVRInputDevice: Display: [STEAMVR INPUT] Setting Action Handle Path Result: Success
[2021.05.04-00.09.44:126][  0]LogSteamVRInputDevice: Display: Retrieving Action Handle: /actions/main/in/TeleportLeft
[2021.05.04-00.09.44:126][  0]LogSteamVRInputDevice: Display: [STEAMVR INPUT] Setting Action Handle Path Result: Success
[2021.05.04-00.09.44:126][  0]LogSteamVRInputDevice: Display: Retrieving Action Handle: /actions/main/in/TeleportLeft
[2021.05.04-00.09.44:127][  0]LogSteamVRInputDevice: Display: [STEAMVR INPUT] Setting Action Handle Path Result: Success
[2021.05.04-00.09.44:127][  0]LogSteamVRInputDevice: Display: Retrieving Action Handle: /actions/main/in/TeleportLeft
[2021.05.04-00.09.44:127][  0]LogSteamVRInputDevice: Display: [STEAMVR INPUT] Setting Action Handle Path Result: Success
[2021.05.04-00.09.44:127][  0]LogSteamVRInputDevice: Display: Retrieving Action Handle: /actions/main/in/TeleportRight
[2021.05.04-00.09.44:127][  0]LogSteamVRInputDevice: Display: [STEAMVR INPUT] Setting Action Handle Path Result: Success
[2021.05.04-00.09.44:127][  0]LogSteamVRInputDevice: Display: Retrieving Action Handle: /actions/main/in/TeleportRight
[2021.05.04-00.09.44:127][  0]LogSteamVRInputDevice: Display: [STEAMVR INPUT] Setting Action Handle Path Result: Success
[2021.05.04-00.09.44:127][  0]LogSteamVRInputDevice: Display: Retrieving Action Handle: /actions/main/in/TeleportRight
[2021.05.04-00.09.44:127][  0]LogSteamVRInputDevice: Display: [STEAMVR INPUT] Setting Action Handle Path Result: Success
[2021.05.04-00.09.44:127][  0]LogSteamVRInputDevice: Display: Retrieving Action Handle: /actions/main/in/TeleportRight
[2021.05.04-00.09.44:127][  0]LogSteamVRInputDevice: Display: [STEAMVR INPUT] Setting Action Handle Path Result: Success
[2021.05.04-00.09.44:127][  0]LogSteamVRInputDevice: Display: Retrieving Action Handle: /actions/main/in/TeleportRight
[2021.05.04-00.09.44:127][  0]LogSteamVRInputDevice: Display: [STEAMVR INPUT] Setting Action Handle Path Result: Success
[2021.05.04-00.09.44:127][  0]LogSteamVRInputDevice: Display: Retrieving Action Handle: /actions/main/in/TeleportRight
[2021.05.04-00.09.44:127][  0]LogSteamVRInputDevice: Display: [STEAMVR INPUT] Setting Action Handle Path Result: Success
[2021.05.04-00.09.44:128][  0]LogSteamVRInputDevice: Display: Retrieving Action Handle: /actions/main/in/Interact
[2021.05.04-00.09.44:128][  0]LogSteamVRInputDevice: Display: [STEAMVR INPUT] Setting Action Handle Path Result: Success
[2021.05.04-00.09.44:128][  0]LogSteamVRInputDevice: Display: Retrieving Action Handle: /actions/main/in/Interact
[2021.05.04-00.09.44:128][  0]LogSteamVRInputDevice: Display: [STEAMVR INPUT] Setting Action Handle Path Result: Success
[2021.05.04-00.09.44:128][  0]LogSteamVRInputDevice: Display: Retrieving Action Handle: /actions/main/in/Interact
[2021.05.04-00.09.44:128][  0]LogSteamVRInputDevice: Display: [STEAMVR INPUT] Setting Action Handle Path Result: Success
[2021.05.04-00.09.44:128][  0]LogSteamVRInputDevice: Display: Retrieving Action Handle: /actions/main/in/Interact
[2021.05.04-00.09.44:128][  0]LogSteamVRInputDevice: Display: [STEAMVR INPUT] Setting Action Handle Path Result: Success
[2021.05.04-00.09.44:128][  0]LogSteamVRInputDevice: Display: Retrieving Action Handle: /actions/main/in/Pause
[2021.05.04-00.09.44:128][  0]LogSteamVRInputDevice: Display: [STEAMVR INPUT] Setting Action Handle Path Result: Success
[2021.05.04-00.09.44:128][  0]LogSteamVRInputDevice: Display: Retrieving Action Handle: /actions/main/in/Pause
[2021.05.04-00.09.44:128][  0]LogSteamVRInputDevice: Display: [STEAMVR INPUT] Setting Action Handle Path Result: Success
[2021.05.04-00.09.44:128][  0]LogSteamVRInputDevice: Display: Retrieving Action Handle: /actions/main/in/Pause
[2021.05.04-00.09.44:128][  0]LogSteamVRInputDevice: Display: [STEAMVR INPUT] Setting Action Handle Path Result: Success
[2021.05.04-00.09.44:128][  0]LogSteamVRInputDevice: Display: Retrieving Action Handle: /actions/main/in/Flashlight
[2021.05.04-00.09.44:129][  0]LogSteamVRInputDevice: Display: [STEAMVR INPUT] Setting Action Handle Path Result: Success
[2021.05.04-00.09.44:129][  0]LogSteamVRInputDevice: Display: Retrieving Action Handle: /actions/main/in/InspectLeft
[2021.05.04-00.09.44:129][  0]LogSteamVRInputDevice: Display: [STEAMVR INPUT] Setting Action Handle Path Result: Success
[2021.05.04-00.09.44:129][  0]LogSteamVRInputDevice: Display: Retrieving Action Handle: /actions/main/in/InspectLeft
[2021.05.04-00.09.44:129][  0]LogSteamVRInputDevice: Display: [STEAMVR INPUT] Setting Action Handle Path Result: Success
[2021.05.04-00.09.44:129][  0]LogSteamVRInputDevice: Display: Retrieving Action Handle: /actions/main/in/InspectRight
[2021.05.04-00.09.44:129][  0]LogSteamVRInputDevice: Display: [STEAMVR INPUT] Setting Action Handle Path Result: Success
[2021.05.04-00.09.44:129][  0]LogSteamVRInputDevice: Display: Retrieving Action Handle: /actions/main/in/InspectRight
[2021.05.04-00.09.44:129][  0]LogSteamVRInputDevice: Display: [STEAMVR INPUT] Setting Action Handle Path Result: Success
[2021.05.04-00.09.44:129][  0]LogSteamVRInputDevice: Display: Retrieving Action Handle: /actions/main/in/ClickLeft
[2021.05.04-00.09.44:129][  0]LogSteamVRInputDevice: Display: [STEAMVR INPUT] Setting Action Handle Path Result: Success
[2021.05.04-00.09.44:129][  0]LogSteamVRInputDevice: Display: Retrieving Action Handle: /actions/main/in/ClickLeft
[2021.05.04-00.09.44:129][  0]LogSteamVRInputDevice: Display: [STEAMVR INPUT] Setting Action Handle Path Result: Success
[2021.05.04-00.09.44:130][  0]LogSteamVRInputDevice: Display: Retrieving Action Handle: /actions/main/in/ClickRight
[2021.05.04-00.09.44:130][  0]LogSteamVRInputDevice: Display: [STEAMVR INPUT] Setting Action Handle Path Result: Success
[2021.05.04-00.09.44:130][  0]LogSteamVRInputDevice: Display: Retrieving Action Handle: /actions/main/in/ClickRight
[2021.05.04-00.09.44:130][  0]LogSteamVRInputDevice: Display: [STEAMVR INPUT] Setting Action Handle Path Result: Success
[2021.05.04-00.09.44:130][  0]LogSteamVRInputDevice: Display: Retrieving Action Handle: /actions/main/in/MotionControllerThumbLeft_X,MotionControllerThumbLeft_Y X Y_axis2d
[2021.05.04-00.09.44:130][  0]LogSteamVRInputDevice: Display: [STEAMVR INPUT] Setting Action Handle Path Result: Success
[2021.05.04-00.09.44:130][  0]LogSteamVRInputDevice: Display: Retrieving Action Handle: /actions/main/in/MotionControllerThumbLeft_X,MotionControllerThumbLeft_Y X Y_axis2d
[2021.05.04-00.09.44:130][  0]LogSteamVRInputDevice: Display: [STEAMVR INPUT] Setting Action Handle Path Result: Success
[2021.05.04-00.09.44:130][  0]LogSteamVRInputDevice: Display: Retrieving Action Handle: /actions/main/in/MotionControllerThumbLeft_X,MotionControllerThumbLeft_Y X Y_axis2d
[2021.05.04-00.09.44:130][  0]LogSteamVRInputDevice: Display: [STEAMVR INPUT] Setting Action Handle Path Result: Success
[2021.05.04-00.09.44:130][  0]LogSteamVRInputDevice: Display: Retrieving Action Handle: /actions/main/in/MotionControllerThumbLeft_X,MotionControllerThumbLeft_Y X Y_axis2d
[2021.05.04-00.09.44:130][  0]LogSteamVRInputDevice: Display: [STEAMVR INPUT] Setting Action Handle Path Result: Success
[2021.05.04-00.09.44:130][  0]LogSteamVRInputDevice: Display: Retrieving Action Handle: /actions/main/in/MotionControllerThumbRight_X,MotionControllerThumbRight_Y X Y_axis2d
[2021.05.04-00.09.44:130][  0]LogSteamVRInputDevice: Display: [STEAMVR INPUT] Setting Action Handle Path Result: Success
[2021.05.04-00.09.44:130][  0]LogSteamVRInputDevice: Display: Retrieving Action Handle: /actions/main/in/MotionControllerThumbRight_X,MotionControllerThumbRight_Y X Y_axis2d
[2021.05.04-00.09.44:130][  0]LogSteamVRInputDevice: Display: [STEAMVR INPUT] Setting Action Handle Path Result: Success
[2021.05.04-00.09.44:130][  0]LogSteamVRInputDevice: Display: Retrieving Action Handle: /actions/main/in/MotionControllerThumbRight_X,MotionControllerThumbRight_Y X Y_axis2d
[2021.05.04-00.09.44:130][  0]LogSteamVRInputDevice: Display: [STEAMVR INPUT] Setting Action Handle Path Result: Success
[2021.05.04-00.09.44:130][  0]LogSteamVRInputDevice: Display: Retrieving Action Handle: /actions/main/in/MotionControllerThumbRight_X,MotionControllerThumbRight_Y X Y_axis2d
[2021.05.04-00.09.44:130][  0]LogSteamVRInputDevice: Display: [STEAMVR INPUT] Setting Action Handle Path Result: Success
[2021.05.04-00.09.44:156][  0]LogRenderer: Warning: Resizing VR buffer to 4032 by 2380
[2021.05.04-00.09.44:156][  0]LogRenderer: Reallocating scene render targets to support 4032x2380 Format 26 NumSamples 1 (Frame:2).
[2021.05.04-00.09.44:156][  0]LogContentStreaming: Texture pool size now 1000 MB
[2021.05.04-00.09.44:162][  0]LogSlate: InvalidateAllWidgets triggered.  All widgets were invalidated
[2021.05.04-00.09.44:284][  0]LogProfilingDebugging: Allocated a 1024 x 1024 texture for HMD canvas layer
[2021.05.04-00.09.44:313][  0]LogSlate: Slate font cache was flushed
[2021.05.04-00.09.44:327][  1]LogSlate: Took 0.002057 seconds to synchronously load lazily loaded font '../../../Engine/Content/Slate/Fonts/Roboto-Regular.ttf' (155K)
[2021.05.04-00.09.44:334][  1]LogSlate: Took 0.001796 seconds to synchronously load lazily loaded font '../../../Engine/Content/EngineFonts/Faces/RobotoBold.ufont' (160K)
[2021.05.04-00.09.44:340][  2]LogSlate: Took 0.000587 seconds to synchronously load lazily loaded font '../../../AlCielo/Content/_UI/Fonts/Alcielobasic-Regular.ufont' (28K)
[2021.05.04-00.10.16:805][956]LogCore: Display: AppLifetime: Application will enter background
[2021.05.04-00.10.17:940][981]LogCore: Display: AppLifetime: Application has entered foreground
[2021.05.04-00.10.33:359][334]LogNet: Browse: /Game/_Maps/Rancho
[2021.05.04-00.10.33:359][334]LogLoad: LoadMap: /Game/_Maps/Rancho
[2021.05.04-00.10.33:359][334]LogWorld: BeginTearingDown for /Game/_Maps/StartMapVR2
[2021.05.04-00.10.33:360][334]LogWorld: UWorld::CleanupWorld for StartMapVR2, bSessionEnded=true, bCleanupResources=true
[2021.05.04-00.10.33:362][334]LogSlate: InvalidateAllWidgets triggered.  All widgets were invalidated
[2021.05.04-00.10.33:461][334]LogAISub: UAISubsystem::~UAISubsystem EnvQueryManager (000001ECBB1D0800), frame # 1334
[2021.05.04-00.10.33:461][334]LogAISub: UAISubsystem::~UAISubsystem AIPerceptionSystem (000001EC868BEE80), frame # 1334
[2021.05.04-00.10.33:462][334]LogSlate: Slate User Unregistered.  User Index 8
[2021.05.04-00.10.33:462][334]LogSlate: Slate User Destroyed.  User Index 8, Is Virtual User: 1
[2021.05.04-00.10.33:463][334]LogUObjectHash: Compacting FUObjectHashTables data took   1.21ms
[2021.05.04-00.10.33:481][334]LogStreaming: Display: Flushing async loaders.
[2021.05.04-00.10.33:803][334]LogBlueprint: Warning: USimpleConstructionScript::FixupRootNodeParentReferences() - Couldn't find native parent component 'Sprite' for 'BoxCollider' in BlueprintGeneratedClass 'Trigger_Music_C' (it may have been removed)
[2021.05.04-00.10.33:803][334]LogBlueprint: Warning: USimpleConstructionScript::FixupRootNodeParentReferences() - Couldn't find native parent component 'Sprite' for 'CapsuleCollider' in BlueprintGeneratedClass 'Trigger_Music_C' (it may have been removed)
[2021.05.04-00.10.33:818][334]LogAIModule: Creating AISystem for world Rancho
[2021.05.04-00.10.33:819][334]LogAISub: UAISubsystem::UAISubsystem EnvQueryManager (000001ECBB1D6200), frame # 1334
[2021.05.04-00.10.33:819][334]LogAISub: UAISubsystem::UAISubsystem AIPerceptionSystem (000001ECBACDFC40), frame # 1334
[2021.05.04-00.10.33:819][334]LogLoad: Game class is 'GameMode'
[2021.05.04-00.10.33:832][334]LogWorld: Bringing World /Game/_Maps/Rancho.Rancho up for play (max tick rate 0) at 2021.05.03-17.10.33
[2021.05.04-00.10.33:832][334]LogWorld: Bringing up level for play took: 0.012251
[2021.05.04-00.10.33:834][334]LogMaterial: Had to pass SMU back to game thread. Please ensure correct material usage flags.
[2021.05.04-00.10.33:834][334]LogSkeletalMesh: Error: Material with missing usage flag was applied to skeletal mesh /Game/_Meshes+Materials/Pickup_Interactable_Objects/HairDryer_Mesh.HairDryer_Mesh
[2021.05.04-00.10.33:834][334]LogGameMode: FindPlayerStart: PATHS NOT DEFINED or NO PLAYERSTART with positive rating
[2021.05.04-00.10.33:835][334]LogGameMode: Display: Match State Changed from EnteringMap to WaitingToStart
[2021.05.04-00.10.33:835][334]LogGameState: Match State Changed from EnteringMap to WaitingToStart
[2021.05.04-00.10.33:835][334]LogGameMode: Display: Match State Changed from WaitingToStart to InProgress
[2021.05.04-00.10.33:838][334]LogSlate: New Slate User Created.  User Index 8, Is Virtual User: 1
[2021.05.04-00.10.33:838][334]LogSlate: Slate User Registered.  User Index 8, Is Virtual User: 1
[2021.05.04-00.10.33:842][334]LogUMG: Display: Widget Class HeadsUpDisplay_C - Loaded Fast Template.
[2021.05.04-00.10.33:846][334]LogGameState: Match State Changed from WaitingToStart to InProgress
[2021.05.04-00.10.33:846][334]LogLoad: Took 0.486999 seconds to LoadMap(/Game/_Maps/Rancho)
[2021.05.04-00.10.33:858][334]LogOutputDevice: Warning: 

Script Stack (0 frames):

[2021.05.04-00.10.33:866][334]LogStats: FPlatformStackWalk::StackWalkAndDump -  0.008 s
[2021.05.04-00.10.33:866][334]LogOutputDevice: Error: === Handled ensure: ===
[2021.05.04-00.10.33:866][334]LogOutputDevice: Error: 
[2021.05.04-00.10.33:866][334]LogOutputDevice: Error: Ensure condition failed: FMath::IsFinite(TexelFactor) [File:Runtime\Engine\Classes\Engine/TextureStreamingTypes.h] [Line: 96]
[2021.05.04-00.10.33:866][334]LogOutputDevice: Error: 
[2021.05.04-00.10.33:866][334]LogOutputDevice: Error: Stack: 
[2021.05.04-00.10.33:866][334]LogOutputDevice: Error: [Callstack] 0x00007ff6c7159b66 UE4Game.exe!UnknownFunction []
[2021.05.04-00.10.33:866][334]LogOutputDevice: Error: [Callstack] 0x00007ff6c52c10bf UE4Game.exe!UnknownFunction []
[2021.05.04-00.10.33:866][334]LogOutputDevice: Error: [Callstack] 0x00007ff6c5c44e24 UE4Game.exe!UnknownFunction []
[2021.05.04-00.10.33:866][334]LogOutputDevice: Error: [Callstack] 0x00007ff6c5bf990e UE4Game.exe!UnknownFunction []
[2021.05.04-00.10.33:866][334]LogOutputDevice: Error: [Callstack] 0x00007ff6c5bfa0a4 UE4Game.exe!UnknownFunction []
[2021.05.04-00.10.33:866][334]LogOutputDevice: Error: [Callstack] 0x00007ff6c5bfa5a6 UE4Game.exe!UnknownFunction []
[2021.05.04-00.10.33:866][334]LogOutputDevice: Error: [Callstack] 0x00007ff6c5c150b9 UE4Game.exe!UnknownFunction []
[2021.05.04-00.10.33:866][334]LogOutputDevice: Error: [Callstack] 0x00007ff6c53be146 UE4Game.exe!UnknownFunction []
[2021.05.04-00.10.33:866][334]LogOutputDevice: Error: [Callstack] 0x00007ff6c53b9d9b UE4Game.exe!UnknownFunction []
[2021.05.04-00.10.33:866][334]LogOutputDevice: Error: [Callstack] 0x00007ff6c54b8541 UE4Game.exe!UnknownFunction []
[2021.05.04-00.10.33:866][334]LogOutputDevice: Error: [Callstack] 0x00007ff6c16836d0 UE4Game.exe!UnknownFunction []
[2021.05.04-00.10.33:866][334]LogOutputDevice: Error: [Callstack] 0x00007ff6c1695d3c UE4Game.exe!UnknownFunction []
[2021.05.04-00.10.33:866][334]LogOutputDevice: Error: [Callstack] 0x00007ff6c1695dfa UE4Game.exe!UnknownFunction []
[2021.05.04-00.10.33:866][334]LogOutputDevice: Error: [Callstack] 0x00007ff6c16a7090 UE4Game.exe!UnknownFunction []
[2021.05.04-00.10.33:866][334]LogOutputDevice: Error: [Callstack] 0x00007ff6c6d46482 UE4Game.exe!UnknownFunction []
[2021.05.04-00.10.33:866][334]LogOutputDevice: Error: [Callstack] 0x00007ffabc827034 KERNEL32.DLL!UnknownFunction []
[2021.05.04-00.10.33:867][334]LogOutputDevice: Error: [Callstack] 0x00007ffabd8a2651 ntdll.dll!UnknownFunction []
[2021.05.04-00.10.33:867][334]LogOutputDevice: Error: 
[2021.05.04-00.10.33:872][334]LogStats:                SubmitErrorReport -  0.000 s
[2021.05.04-00.10.34:413][334]LogStats:                    SendNewReport -  0.541 s
[2021.05.04-00.10.34:413][334]LogStats:             FDebug::EnsureFailed -  0.555 s
[2021.05.04-00.10.34:413][334]LogSlate: InvalidateAllWidgets triggered.  All widgets were invalidated
[2021.05.04-00.10.34:421][335]LogSlate: Took 0.001385 seconds to synchronously load lazily loaded font '../../../Engine/Content/EngineFonts/Faces/RobotoBold.ufont' (160K)
[2021.05.04-00.10.35:408][348]LogPakFile: Precache HighWater 16MB

[2021.05.04-00.10.37:903][380]LogUMG: Display: Widget Class VR_Message_Widget_C - Loaded Fast Template.
[2021.05.04-00.11.46:427][325]LogTaskGraph: Warning: Task graph took  87.07ms for RT to recieve broadcast.
[2021.05.04-00.11.46:427][325]LogTaskGraph: Warning: Task graph took  87.33ms for RT to recieve broadcast and do processing.
[2021.05.04-00.11.46:427][325]LogTaskGraph: Warning: Task graph took  87.22ms to wait for named thread broadcast.
[2021.05.04-00.11.46:427][325]LogTaskGraph: Warning: Task graph took  87.52ms to broadcast.
[2021.05.04-00.12.04:174][584]LogUMG: Display: Widget Class VR_Inspection_Widget_C - Loaded Fast Template.
[2021.05.04-00.12.47:561][199]LogTaskGraph: Warning: Task graph took  78.80ms for RT to recieve broadcast.
[2021.05.04-00.12.47:561][199]LogTaskGraph: Warning: Task graph took  79.07ms for RT to recieve broadcast and do processing.
[2021.05.04-00.12.47:562][199]LogTaskGraph: Warning: Task graph took  78.99ms to wait for named thread broadcast.
[2021.05.04-00.12.47:562][199]LogTaskGraph: Warning: Task graph took  79.24ms to broadcast.
[2021.05.04-00.13.48:628][ 88]LogTaskGraph: Warning: Task graph took  44.03ms for RT to recieve broadcast.
[2021.05.04-00.13.48:628][ 88]LogTaskGraph: Warning: Task graph took  44.43ms for RT to recieve broadcast and do processing.
[2021.05.04-00.13.48:628][ 88]LogTaskGraph: Warning: Task graph took  44.33ms to wait for named thread broadcast.
[2021.05.04-00.13.48:628][ 88]LogTaskGraph: Warning: Task graph took  44.62ms to broadcast.
[2021.05.04-00.14.49:816][479]LogTaskGraph: Warning: Task graph took  58.00ms for RT to recieve broadcast.
[2021.05.04-00.14.49:816][479]LogTaskGraph: Warning: Task graph took  58.25ms for RT to recieve broadcast and do processing.
[2021.05.04-00.14.49:816][479]LogTaskGraph: Warning: Task graph took  58.11ms to wait for named thread broadcast.
[2021.05.04-00.14.49:816][479]LogTaskGraph: Warning: Task graph took  58.37ms to broadcast.
[2021.05.04-00.15.50:906][694]LogTaskGraph: Warning: Task graph took  31.46ms for RT to recieve broadcast.
[2021.05.04-00.15.50:906][694]LogTaskGraph: Warning: Task graph took  31.82ms for RT to recieve broadcast and do processing.
[2021.05.04-00.15.50:906][694]LogTaskGraph: Warning: Task graph took  31.75ms to wait for named thread broadcast.
[2021.05.04-00.15.50:906][694]LogTaskGraph: Warning: Task graph took  32.00ms to broadcast.
[2021.05.04-00.16.52:082][728]LogTaskGraph: Warning: Task graph took  85.64ms for RT to recieve broadcast.
[2021.05.04-00.16.52:082][728]LogTaskGraph: Warning: Task graph took  85.92ms for RT to recieve broadcast and do processing.
[2021.05.04-00.16.52:082][728]LogTaskGraph: Warning: Task graph took  85.83ms to wait for named thread broadcast.
[2021.05.04-00.16.52:082][728]LogTaskGraph: Warning: Task graph took  86.13ms to broadcast.
[2021.05.04-00.17.53:194][765]LogTaskGraph: Warning: Task graph took  35.12ms for RT to recieve broadcast.
[2021.05.04-00.17.53:194][765]LogTaskGraph: Warning: Task graph took  35.45ms for RT to recieve broadcast and do processing.
[2021.05.04-00.17.53:194][765]LogTaskGraph: Warning: Task graph took  35.32ms to wait for named thread broadcast.
[2021.05.04-00.17.53:194][765]LogTaskGraph: Warning: Task graph took  35.65ms to broadcast.
[2021.05.04-00.18.54:315][764]LogTaskGraph: Warning: Task graph took  27.63ms for RT to recieve broadcast.
[2021.05.04-00.18.54:316][764]LogTaskGraph: Warning: Task graph took  27.90ms for RT to recieve broadcast and do processing.
[2021.05.04-00.18.54:316][764]LogTaskGraph: Warning: Task graph took  27.78ms to wait for named thread broadcast.
[2021.05.04-00.18.54:316][764]LogTaskGraph: Warning: Task graph took  28.11ms to broadcast.
[2021.05.04-00.19.55:447][893]LogTaskGraph: Warning: Task graph took  30.83ms for RT to recieve broadcast.
[2021.05.04-00.19.55:447][893]LogTaskGraph: Warning: Task graph took  31.07ms for RT to recieve broadcast and do processing.
[2021.05.04-00.19.55:447][893]LogTaskGraph: Warning: Task graph took  30.97ms to wait for named thread broadcast.
[2021.05.04-00.19.55:447][893]LogTaskGraph: Warning: Task graph took  31.25ms to broadcast.
[2021.05.04-00.20.56:636][975]LogTaskGraph: Warning: Task graph took  42.87ms for RT to recieve broadcast.
[2021.05.04-00.20.56:636][975]LogTaskGraph: Warning: Task graph took  43.16ms for RT to recieve broadcast and do processing.
[2021.05.04-00.20.56:636][975]LogTaskGraph: Warning: Task graph took  43.06ms to wait for named thread broadcast.
[2021.05.04-00.20.56:636][975]LogTaskGraph: Warning: Task graph took  43.31ms to broadcast.
[2021.05.04-00.22.58:890][327]LogTaskGraph: Warning: Task graph took  41.64ms for RT to recieve broadcast.
[2021.05.04-00.22.58:890][327]LogTaskGraph: Warning: Task graph took  41.88ms for RT to recieve broadcast and do processing.
[2021.05.04-00.22.58:890][327]LogTaskGraph: Warning: Task graph took  41.80ms to wait for named thread broadcast.
[2021.05.04-00.22.58:890][327]LogTaskGraph: Warning: Task graph took  42.04ms to broadcast.
[2021.05.04-00.23.24:308][713]LogScript: Warning: Accessed None trying to read property AttachedActor
	MotionControllerPawn_C /Game/_Maps/Rancho.Rancho:PersistentLevel.MotionControllerPawn_2
	Function /Game/VirtualRealityBP/Blueprints/MotionControllerPawn.MotionControllerPawn_C:Check If Hand Near:0250
[2021.05.04-00.23.24:308][713]LogScript: Warning: Script call stack:
	Function /Game/VirtualRealityBP/Blueprints/MotionControllerPawn.MotionControllerPawn_C:ReceiveTick
	Function /Game/VirtualRealityBP/Blueprints/MotionControllerPawn.MotionControllerPawn_C:ExecuteUbergraph_MotionControllerPawn
	Function /Game/VirtualRealityBP/Blueprints/MotionControllerPawn.MotionControllerPawn_C:Check If Hand Near

[2021.05.04-00.24.00:035][186]LogTaskGraph: Warning: Task graph took  69.59ms for RT to recieve broadcast.
[2021.05.04-00.24.00:035][186]LogTaskGraph: Warning: Task graph took  69.89ms for RT to recieve broadcast and do processing.
[2021.05.04-00.24.00:036][186]LogTaskGraph: Warning: Task graph took  69.81ms to wait for named thread broadcast.
[2021.05.04-00.24.00:036][186]LogTaskGraph: Warning: Task graph took  70.16ms to broadcast.
[2021.05.04-00.25.01:145][327]LogTaskGraph: Warning: Task graph took  32.24ms for RT to recieve broadcast.
[2021.05.04-00.25.01:145][327]LogTaskGraph: Warning: Task graph took  32.55ms for RT to recieve broadcast and do processing.
[2021.05.04-00.25.01:145][327]LogTaskGraph: Warning: Task graph took  32.37ms to wait for named thread broadcast.
[2021.05.04-00.25.01:145][327]LogTaskGraph: Warning: Task graph took  32.71ms to broadcast.
[2021.05.04-00.26.02:266][452]LogTaskGraph: Warning: Task graph took  42.41ms for RT to recieve broadcast.
[2021.05.04-00.26.02:266][452]LogTaskGraph: Warning: Task graph took  42.69ms for RT to recieve broadcast and do processing.
[2021.05.04-00.26.02:266][452]LogTaskGraph: Warning: Task graph took  42.60ms to wait for named thread broadcast.
[2021.05.04-00.26.02:266][452]LogTaskGraph: Warning: Task graph took  42.86ms to broadcast.
[2021.05.04-00.26.58:405][341]LogSlate: Took 0.002091 seconds to synchronously load lazily loaded font '../../../Engine/Content/Slate/Fonts/Roboto-Regular.ttf' (155K)
[2021.05.04-00.26.59:764][364]Closing by request
[2021.05.04-00.26.59:764][364]LogWindows: FPlatformMisc::RequestExit(0)
[2021.05.04-00.26.59:764][364]LogCore: Engine exit requested (reason: Win RequestExit)
[2021.05.04-00.26.59:785][365]LogCore: Engine exit requested (reason: EngineExit() was called; note: exit was already requested)
[2021.05.04-00.26.59:787][365]LogAudio: Display: Shutting down audio device while 2 references to it are still alive. For more information, compile with INSTRUMENT_AUDIODEVICE_HANDLES.
[2021.05.04-00.26.59:803][365]LogInit: Display: PreExit Game.
[2021.05.04-00.26.59:845][365]LogWorld: BeginTearingDown for /Game/_Maps/Rancho
[2021.05.04-00.26.59:846][365]LogWorld: UWorld::CleanupWorld for Rancho, bSessionEnded=true, bCleanupResources=true
[2021.05.04-00.26.59:851][365]LogSlate: InvalidateAllWidgets triggered.  All widgets were invalidated
[2021.05.04-00.26.59:978][365]LogHMD: SteamVR Shutting down.
[2021.05.04-00.26.59:980][365]LogSlate: Request Window 'AlCielo (64-bit Development PCD3D_SM5) ' being destroyed
[2021.05.04-00.26.59:984][365]LogSlate: Window 'AlCielo (64-bit Development PCD3D_SM5) ' being destroyed
[2021.05.04-00.26.59:985][365]LogWindowsTextInputMethodSystem: Display: IME system now deactivated.
[2021.05.04-00.27.00:053][365]LogExit: Preparing to exit.
[2021.05.04-00.27.00:053][365]LogMoviePlayer: Shutting down movie player
[2021.05.04-00.27.00:059][365]LogSlate: Updating window title bar state: overlay mode, drag disabled, window buttons hidden, title bar hidden
[2021.05.04-00.27.00:076][365]LogDemo: Cleaned up 0 splitscreen connections with owner deletion
[2021.05.04-00.27.00:077][365]LogExit: Game engine shut down
[2021.05.04-00.27.00:090][365]LogAISub: UAISubsystem::~UAISubsystem EnvQueryManager (000001ECAFF4E000), frame # 18365
[2021.05.04-00.27.00:120][365]LogAISub: UAISubsystem::~UAISubsystem AISubsystem (000001ECB078EBC0), frame # 18365
[2021.05.04-00.27.00:120][365]LogAISub: UAISubsystem::~UAISubsystem AIPerceptionSystem (000001ECAFFCEE80), frame # 18365
[2021.05.04-00.27.00:123][365]LogAISub: UAISubsystem::~UAISubsystem EnvQueryManager (000001ECBB1D6200), frame # 18365
[2021.05.04-00.27.00:123][365]LogAISub: UAISubsystem::~UAISubsystem AIPerceptionSystem (000001ECBACDFC40), frame # 18365
[2021.05.04-00.27.00:176][365]LogExit: Object subsystem successfully closed.
[2021.05.04-00.27.00:200][365]LogModuleManager: Shutting down and abandoning module AutomationController (316)
[2021.05.04-00.27.00:200][365]LogModuleManager: Shutting down and abandoning module AutomationWorker (314)
[2021.05.04-00.27.00:200][365]LogModuleManager: Shutting down and abandoning module Voice (312)
[2021.05.04-00.27.00:200][365]LogModuleManager: Shutting down and abandoning module AIModule (310)
[2021.05.04-00.27.00:200][365]LogModuleManager: Shutting down and abandoning module GameplayDebugger (309)
[2021.05.04-00.27.00:200][365]LogModuleManager: Shutting down and abandoning module NavigationSystem (307)
[2021.05.04-00.27.00:200][365]LogModuleManager: Shutting down and abandoning module WebMMediaFactory (304)
[2021.05.04-00.27.00:200][365]LogModuleManager: Shutting down and abandoning module WebMMedia (302)
[2021.05.04-00.27.00:200][365]LogModuleManager: Shutting down and abandoning module OculusMR (300)
[2021.05.04-00.27.00:200][365]LogModuleManager: Shutting down and abandoning module WmfMediaFactory (298)
[2021.05.04-00.27.00:200][365]LogModuleManager: Shutting down and abandoning module OpenExrWrapper (296)
[2021.05.04-00.27.00:201][365]LogModuleManager: Shutting down and abandoning module ImgMediaFactory (294)
[2021.05.04-00.27.00:201][365]LogModuleManager: Shutting down and abandoning module AvfMediaFactory (292)
[2021.05.04-00.27.00:201][365]LogModuleManager: Shutting down and abandoning module CharacterAI (290)
[2021.05.04-00.27.00:201][365]LogModuleManager: Shutting down and abandoning module PlanarCut (288)
[2021.05.04-00.27.00:201][365]LogModuleManager: Shutting down and abandoning module SessionServices (286)
[2021.05.04-00.27.00:201][365]LogModuleManager: Shutting down and abandoning module LiveCoding (284)
[2021.05.04-00.27.00:201][365]LogModuleManager: Shutting down and abandoning module LevelSequence (282)
[2021.05.04-00.27.00:201][365]LogModuleManager: Shutting down and abandoning module MovieSceneTracks (280)
[2021.05.04-00.27.00:201][365]LogModuleManager: Shutting down and abandoning module MovieScene (278)
[2021.05.04-00.27.00:201][365]LogModuleManager: Shutting down and abandoning module StreamingPauseRendering (276)
[2021.05.04-00.27.00:201][365]LogModuleManager: Shutting down and abandoning module AudioMixerXAudio2 (274)
[2021.05.04-00.27.00:201][365]LogModuleManager: Shutting down and abandoning module AudioMixerCore (273)
[2021.05.04-00.27.00:201][365]LogModuleManager: Shutting down and abandoning module ImageWriteQueue (270)
[2021.05.04-00.27.00:204][365]LogModuleManager: Shutting down and abandoning module ProfilerService (268)
[2021.05.04-00.27.00:308][365]LogModuleManager: Shutting down and abandoning module TaskGraph (266)
[2021.05.04-00.27.00:308][365]LogModuleManager: Shutting down and abandoning module Synthesis (264)
[2021.05.04-00.27.00:308][365]LogModuleManager: Shutting down and abandoning module OculusInput (262)
[2021.05.04-00.27.00:308][365]LogModuleManager: Shutting down and abandoning module MobilePatchingUtils (260)
[2021.05.04-00.27.00:308][365]LogModuleManager: Shutting down and abandoning module GooglePAD (258)
[2021.05.04-00.27.00:308][365]LogModuleManager: Shutting down and abandoning module CustomMeshComponent (256)
[2021.05.04-00.27.00:308][365]LogModuleManager: Shutting down and abandoning module CableComponent (254)
[2021.05.04-00.27.00:309][365]LogModuleManager: Shutting down and abandoning module AudioCapture (252)
[2021.05.04-00.27.00:309][365]LogModuleManager: Shutting down and abandoning module AudioCaptureRtAudio (251)
[2021.05.04-00.27.00:309][365]LogModuleManager: Shutting down and abandoning module AssetTags (248)
[2021.05.04-00.27.00:309][365]LogModuleManager: Shutting down and abandoning module ArchVisCharacter (246)
[2021.05.04-00.27.00:309][365]LogModuleManager: Shutting down and abandoning module AppleImageUtils (244)
[2021.05.04-00.27.00:309][365]LogModuleManager: Shutting down and abandoning module AndroidPermission (242)
[2021.05.04-00.27.00:309][365]LogModuleManager: Shutting down and abandoning module TemplateSequence (240)
[2021.05.04-00.27.00:309][365]LogModuleManager: Shutting down and abandoning module MediaCompositing (238)
[2021.05.04-00.27.00:309][365]LogModuleManager: Shutting down and abandoning module ImgMedia (236)
[2021.05.04-00.27.00:309][365]LogModuleManager: Shutting down and abandoning module MagicLeapLightEstimation (234)
[2021.05.04-00.27.00:309][365]LogModuleManager: Shutting down and abandoning module MagicLeapHelperVulkan (232)
[2021.05.04-00.27.00:309][365]LogModuleManager: Shutting down and abandoning module MagicLeapHelperOpenGL (230)
[2021.05.04-00.27.00:309][365]LogModuleManager: Shutting down and abandoning module MagicLeapAudio (228)
[2021.05.04-00.27.00:309][365]LogModuleManager: Shutting down and abandoning module MagicLeapSharedWorld (226)
[2021.05.04-00.27.00:309][365]LogModuleManager: Shutting down and abandoning module ChaosNiagara (224)
[2021.05.04-00.27.00:309][365]LogModuleManager: Shutting down and abandoning module ProceduralMeshComponent (222)
[2021.05.04-00.27.00:309][365]LogModuleManager: Shutting down and abandoning module GeometryCollectionTracks (220)
[2021.05.04-00.27.00:309][365]LogModuleManager: Shutting down and abandoning module EditableMesh (218)
[2021.05.04-00.27.00:309][365]LogModuleManager: Shutting down and abandoning module MeshSolverUtilities (216)
[2021.05.04-00.27.00:309][365]LogModuleManager: Shutting down and abandoning module MeshConversion (214)
[2021.05.04-00.27.00:309][365]LogModuleManager: Shutting down and abandoning module DynamicMesh (212)
[2021.05.04-00.27.00:309][365]LogModuleManager: Shutting down and abandoning module GeometryAlgorithms (210)
[2021.05.04-00.27.00:309][365]LogModuleManager: Shutting down and abandoning module GeometricObjects (208)
[2021.05.04-00.27.00:309][365]LogModuleManager: Shutting down and abandoning module ChaosCloth (206)
[2021.05.04-00.27.00:309][365]LogModuleManager: Shutting down and abandoning module BackChannel (204)
[2021.05.04-00.27.00:309][365]LogModuleManager: Shutting down and abandoning module AutomationUtils (202)
[2021.05.04-00.27.00:309][365]LogModuleManager: Shutting down and abandoning module GeometryCacheTracks (200)
[2021.05.04-00.27.00:310][365]LogModuleManager: Shutting down and abandoning module GeometryCache (198)
[2021.05.04-00.27.00:310][365]LogModuleManager: Shutting down and abandoning module UObjectPlugin (196)
[2021.05.04-00.27.00:310][365]LogModuleManager: Shutting down and abandoning module SoundFields (194)
[2021.05.04-00.27.00:310][365]LogModuleManager: Shutting down and abandoning module RuntimePhysXCooking (192)
[2021.05.04-00.27.00:310][365]LogModuleManager: Shutting down and abandoning module LocationServicesBPLibrary (188)
[2021.05.04-00.27.00:310][365]LogModuleManager: Shutting down and abandoning module ActorSequence (186)
[2021.05.04-00.27.00:310][365]LogModuleManager: Shutting down and abandoning module UdpMessaging (184)
[2021.05.04-00.27.00:310][365]LogModuleManager: Shutting down and abandoning module TcpMessaging (182)
[2021.05.04-00.27.00:310][365]LogModuleManager: Shutting down and abandoning module MagicLeapHandMeshing (180)
[2021.05.04-00.27.00:310][365]LogModuleManager: Shutting down and abandoning module MagicLeapSecureStorage (178)
[2021.05.04-00.27.00:310][365]LogModuleManager: Shutting down and abandoning module MagicLeapPrivileges (176)
[2021.05.04-00.27.00:310][365]LogModuleManager: Shutting down and abandoning module MagicLeapPlanes (174)
[2021.05.04-00.27.00:310][365]LogModuleManager: Shutting down and abandoning module MagicLeapImageTracker (172)
[2021.05.04-00.27.00:310][365]LogModuleManager: Shutting down and abandoning module MagicLeapIdentity (170)
[2021.05.04-00.27.00:310][365]LogModuleManager: Shutting down and abandoning module MagicLeapHandTracking (168)
[2021.05.04-00.27.00:310][365]LogModuleManager: Shutting down and abandoning module MagicLeapEyeTracker (166)
[2021.05.04-00.27.00:310][365]LogModuleManager: Shutting down and abandoning module MagicLeapController (164)
[2021.05.04-00.27.00:310][365]LogSlate: Slate User Destroyed.  User Index 0, Is Virtual User: 0
[2021.05.04-00.27.00:310][365]LogSlate: Slate User Destroyed.  User Index 8, Is Virtual User: 1
[2021.05.04-00.27.00:310][365]LogModuleManager: Shutting down and abandoning module MagicLeapARPinImpl (162)
[2021.05.04-00.27.00:310][365]LogModuleManager: Shutting down and abandoning module MagicLeapAR (160)
[2021.05.04-00.27.00:310][365]LogModuleManager: Shutting down and abandoning module AugmentedReality (159)
[2021.05.04-00.27.00:310][365]LogModuleManager: Shutting down and abandoning module MagicLeapARPin (156)
[2021.05.04-00.27.00:311][365]LogModuleManager: Shutting down and abandoning module NiagaraAnimNotifies (154)
[2021.05.04-00.27.00:311][365]LogModuleManager: Shutting down and abandoning module Niagara (152)
[2021.05.04-00.27.00:311][365]LogModuleManager: Shutting down and abandoning module SignalProcessing (151)
[2021.05.04-00.27.00:311][365]LogModuleManager: Shutting down and abandoning module NiagaraCore (148)
[2021.05.04-00.27.00:311][365]LogModuleManager: Shutting down and abandoning module FacialAnimation (146)
[2021.05.04-00.27.00:311][365]LogModuleManager: Shutting down and abandoning module SignificanceManager (144)
[2021.05.04-00.27.00:311][365]LogModuleManager: Shutting down and abandoning module AnimationSharing (142)
[2021.05.04-00.27.00:311][365]LogModuleManager: Shutting down and abandoning module LightPropagationVolumeRuntime (140)
[2021.05.04-00.27.00:311][365]LogModuleManager: Shutting down and abandoning module Paper2D (138)
[2021.05.04-00.27.00:311][365]LogModuleManager: Shutting down and abandoning module WindowsMoviePlayer (136)
[2021.05.04-00.27.00:311][365]LogModuleManager: Shutting down and abandoning module WebMMoviePlayer (134)
[2021.05.04-00.27.00:311][365]LogModuleManager: Shutting down and abandoning module NetworkReplayStreaming (132)
[2021.05.04-00.27.00:311][365]LogModuleManager: Shutting down and abandoning module PacketHandler (130)
[2021.05.04-00.27.00:311][365]LogModuleManager: Shutting down and abandoning module ClothingSystemRuntimeNv (128)
[2021.05.04-00.27.00:311][365]LogModuleManager: Shutting down and abandoning module MediaAssets (126)
[2021.05.04-00.27.00:312][365]LogModuleManager: Shutting down and abandoning module Overlay (124)
[2021.05.04-00.27.00:312][365]LogModuleManager: Shutting down and abandoning module FunctionalTesting (122)
[2021.05.04-00.27.00:312][365]LogModuleManager: Shutting down and abandoning module MessageLog (120)
[2021.05.04-00.27.00:312][365]LogModuleManager: Shutting down and abandoning module UMG (118)
[2021.05.04-00.27.00:312][365]LogModuleManager: Shutting down and abandoning module SlateReflector (116)
[2021.05.04-00.27.00:312][365]LogModuleManager: Shutting down and abandoning module Slate (114)
[2021.05.04-00.27.00:312][365]LogModuleManager: Shutting down and abandoning module SlateCore (112)
[2021.05.04-00.27.00:312][365]LogModuleManager: Shutting down and abandoning module MRMesh (110)
[2021.05.04-00.27.00:312][365]LogModuleManager: Shutting down and abandoning module Messaging (108)
[2021.05.04-00.27.00:312][365]LogModuleManager: Shutting down and abandoning module HeadMountedDisplay (106)
[2021.05.04-00.27.00:312][365]LogModuleManager: Shutting down and abandoning module XAudio2 (104)
[2021.05.04-00.27.00:312][365]LogModuleManager: Shutting down and abandoning module Networking (102)
[2021.05.04-00.27.00:312][365]LogModuleManager: Shutting down and abandoning module Core (100)
[2021.05.04-00.27.00:312][365]LogModuleManager: Shutting down and abandoning module ImageWrapper (96)
[2021.05.04-00.27.00:312][365]LogModuleManager: Shutting down and abandoning module InputCore (94)
[2021.05.04-00.27.00:312][365]LogModuleManager: Shutting down and abandoning module Settings (92)
[2021.05.04-00.27.00:313][365]LogModuleManager: Shutting down and abandoning module PhysXCooking (90)
[2021.05.04-00.27.00:313][365]LogModuleManager: Shutting down and abandoning module ChaosSolvers (88)
[2021.05.04-00.27.00:313][365]LogModuleManager: Shutting down and abandoning module FieldSystemEngine (87)
[2021.05.04-00.27.00:313][365]LogModuleManager: Shutting down and abandoning module Chaos (84)
[2021.05.04-00.27.00:313][365]LogModuleManager: Shutting down and abandoning module WindowsPlatformFeatures (82)
[2021.05.04-00.27.00:313][365]LogModuleManager: Shutting down and abandoning module GameplayMediaEncoder (81)
[2021.05.04-00.27.00:313][365]LogModuleManager: Shutting down and abandoning module AVEncoder (80)
[2021.05.04-00.27.00:313][365]LogModuleManager: Shutting down and abandoning module SteamVRInputDevice (76)
[2021.05.04-00.27.00:313][365]LogModuleManager: Shutting down and abandoning module SteamVRInput (74)
[2021.05.04-00.27.00:313][365]LogModuleManager: Shutting down and abandoning module SteamVR (72)
[2021.05.04-00.27.00:313][365]LogHMD: Freeing OpenVRDLLHandle.
[2021.05.04-00.27.00:313][365]LogModuleManager: Shutting down and abandoning module OculusHMD (70)
[2021.05.04-00.27.00:313][365]LogModuleManager: Shutting down and abandoning module ExampleDeviceProfileSelector (68)
[2021.05.04-00.27.00:313][365]LogModuleManager: Shutting down and abandoning module LauncherChunkInstaller (66)
[2021.05.04-00.27.00:313][365]LogModuleManager: Shutting down and abandoning module OnlineSubsystem (62)
[2021.05.04-00.27.00:314][365]LogModuleManager: Shutting down and abandoning module HTTP (57)
[2021.05.04-00.27.00:347][365]LogModuleManager: Shutting down and abandoning module SSL (56)
[2021.05.04-00.27.00:348][365]LogModuleManager: Shutting down and abandoning module WmfMedia (52)
[2021.05.04-00.27.00:349][365]LogModuleManager: Shutting down and abandoning module Media (51)
[2021.05.04-00.27.00:349][365]LogModuleManager: Shutting down and abandoning module MagicLeap (48)
[2021.05.04-00.27.00:349][365]LogModuleManager: Shutting down and abandoning module NiagaraVertexFactories (46)
[2021.05.04-00.27.00:349][365]LogModuleManager: Shutting down and abandoning module NiagaraShader (44)
[2021.05.04-00.27.00:349][365]LogModuleManager: Shutting down and abandoning module VariantManagerContent (42)
[2021.05.04-00.27.00:349][365]LogModuleManager: Shutting down and abandoning module DatasmithContent (40)
[2021.05.04-00.27.00:350][365]LogModuleManager: Shutting down and abandoning module AISupportModule (38)
[2021.05.04-00.27.00:350][365]LogModuleManager: Shutting down and abandoning module PlatformCryptoOpenSSL (36)
[2021.05.04-00.27.00:350][365]LogModuleManager: Shutting down and abandoning module PlatformCryptoTypes (34)
[2021.05.04-00.27.00:350][365]LogModuleManager: Shutting down and abandoning module PlatformCrypto (32)
[2021.05.04-00.27.00:350][365]LogModuleManager: Shutting down and abandoning module RenderCore (30)
[2021.05.04-00.27.00:350][365]LogModuleManager: Shutting down and abandoning module Landscape (28)
[2021.05.04-00.27.00:350][365]LogModuleManager: Shutting down and abandoning module SlateRHIRenderer (26)
[2021.05.04-00.27.00:350][365]LogModuleManager: Shutting down and abandoning module OpenGLDrv (24)
[2021.05.04-00.27.00:351][365]LogModuleManager: Shutting down and abandoning module D3D11RHI (22)
[2021.05.04-00.27.00:351][365]LogModuleManager: Shutting down and abandoning module AnimGraphRuntime (20)
[2021.05.04-00.27.00:351][365]LogModuleManager: Shutting down and abandoning module Renderer (18)
[2021.05.04-00.27.00:351][365]LogModuleManager: Shutting down and abandoning module Engine (16)
[2021.05.04-00.27.00:351][365]LogModuleManager: Shutting down and abandoning module CoreUObject (14)
[2021.05.04-00.27.00:351][365]LogModuleManager: Shutting down and abandoning module NetworkFile (12)
[2021.05.04-00.27.00:351][365]LogModuleManager: Shutting down and abandoning module CookedIterativeFile (10)
[2021.05.04-00.27.00:351][365]LogModuleManager: Shutting down and abandoning module StreamingFile (8)
[2021.05.04-00.27.00:351][365]LogModuleManager: Shutting down and abandoning module SandboxFile (6)
[2021.05.04-00.27.00:351][365]LogModuleManager: Shutting down and abandoning module PakFile (4)
[2021.05.04-00.27.00:354][365]LogModuleManager: Shutting down and abandoning module RSA (3)
[2021.05.04-00.27.00:354][365]LogContentStreaming: Display: There are 1 unreleased StreamingManagers
[2021.05.04-00.27.00:356][365]LogD3D11RHI: Shutdown
[2021.05.04-00.27.00:356][365]LogD3D11RHI: CleanupD3DDevice
[2021.05.04-00.27.00:373][365]LogExit: Exiting.
[2021.05.04-00.27.00:381][365]Log file closed, 05/03/21 17:27:00
